#
# There is insufficient memory for the Java Runtime Environment to continue.
# Native memory allocation (malloc) failed to allocate 32744 bytes for ChunkPool::allocate
# Possible reasons:
#   The system is out of physical RAM or swap space
#   The process is running with CompressedOops enabled, and the Java Heap may be blocking the growth of the native heap
# Possible solutions:
#   Reduce memory load on the system
#   Increase physical memory or swap space
#   Check if swap backing store is full
#   Decrease Java heap size (-Xmx/-Xms)
#   Decrease number of Java threads
#   Decrease Java thread stack sizes (-Xss)
#   Set larger code cache with -XX:ReservedCodeCacheSize=
#   JVM is running with Unscaled Compressed Oops mode in which the Java heap is
#     placed in the first 4GB address space. The Java Heap base address is the
#     maximum limit for the native heap growth. Please use -XX:HeapBaseMinAddress
#     to set the Java Heap base and to place the Java Heap above 4GB virtual address.
# This output file may be truncated or incomplete.
#
#  Out of Memory Error (t:/workspace/open/src/hotspot/share/memory/arena.cpp:81), pid=13404, tid=13668
#
# JRE version: Java(TM) SE Runtime Environment (12.0.2+10) (build 12.0.2+10)
# Java VM: Java HotSpot(TM) 64-Bit Server VM (12.0.2+10, mixed mode, sharing, tiered, compressed oops, g1 gc, windows-amd64)
# No core dump will be written. Minidumps are not enabled by default on client versions of Windows
#

---------------  S U M M A R Y ------------

Command Line: -Dclassworlds.conf=C:\Program Files\NetBeans-12.5\netbeans\java\maven\bin\..\bin\m2.conf -Dmaven.home=C:\Program Files\NetBeans-12.5\netbeans\java\maven\bin\.. -Dlibrary.jansi.path=C:\Program Files\NetBeans-12.5\netbeans\java\maven\bin\..\lib\jansi-native -Dmaven.multiModuleProjectDirectory=C:\Users\Cliente\Documents\NetBeansProjects\SistemaOrdens org.codehaus.plexus.classworlds.launcher.Launcher -Dmaven.ext.class.path=C:\Program Files\NetBeans-12.5\netbeans\java\maven-nblib\netbeans-eventspy.jar -Dfile.encoding=UTF-8 install

Host: Intel(R) Core(TM) i7-2670QM CPU @ 2.20GHz, 8 cores, 5G,  Windows 7 , 64 bit Build 7601 (6.1.7601.18015)
Time: Thu Dec  9 14:04:58 2021 Hora oficial do Brasil elapsed time: 237 seconds (0d 0h 3m 57s)

---------------  T H R E A D  ---------------

Current thread (0x000000002186e800):  JavaThread "C1 CompilerThread0" daemon [_thread_in_native, id=13668, stack(0x0000000022390000,0x0000000022490000)]


Current CompileTask:
C1: 237559  618       3       java.io.WinNTFileSystem::
[error occurred during error reporting (printing current compile task), id 0xe0000001, Out of Memory Error (t:/workspace/open/src/hotspot/share/memory/arena.cpp:81)]

Stack: [0x0000000022390000,0x0000000022490000]
Native frames: (J=compiled Java code, j=interpreted, Vv=VM code, C=native code)
V  [jvm.dll+0x63aa2a]
V  [jvm.dll+0x78ce1e]
V  [jvm.dll+0x78e4c1]
V  [jvm.dll+0x78eb13]
V  [jvm.dll+0x2627e8]
V  [jvm.dll+0xc57f6]
V  [jvm.dll+0xc5b4c]
V  [jvm.dll+0x70af0e]
V  [jvm.dll+0x5f1705]
V  [jvm.dll+0x22e93f]
V  [jvm.dll+0x22ee7f]
V  [jvm.dll+0x78ccbc]
V  [jvm.dll+0x78e4c1]
V  [jvm.dll+0x78eb13]
V  [jvm.dll+0x2627e8]
V  [jvm.dll+0xc57f6]
V  [jvm.dll+0xc5b4c]
V  [jvm.dll+0x18030c]
V  [jvm.dll+0x18261b]
V  [jvm.dll+0x181a17]
V  [jvm.dll+0x17ef3d]
V  [jvm.dll+0x13181f]
V  [jvm.dll+0x131029]
V  [jvm.dll+0x13125f]
V  [jvm.dll+0x1303c7]
V  [jvm.dll+0x132477]
V  [jvm.dll+0x22a744]
V  [jvm.dll+0x228d98]
V  [jvm.dll+0x7512a0]
V  [jvm.dll+0x74a2c8]
V  [jvm.dll+0x639b16]
C  [ucrtbase.DLL+0x1d885]
C  [kernel32.dll+0x1652d]
C  [ntdll.dll+0x2c541]


---------------  P R O C E S S  ---------------

Threads class SMR info:
_java_thread_list=0x000000002267a460, length=10, elements={
0x000000000043d000, 0x0000000021846000, 0x0000000021847000, 0x0000000021860000,
0x0000000021865000, 0x0000000021866800, 0x000000002186e800, 0x0000000021878000,
0x0000000022669800, 0x000000002267c000
}

Java Threads: ( => current thread )
  0x000000000043d000 JavaThread "main" [_thread_in_vm, id=13432, stack(0x00000000022f0000,0x00000000023f0000)]
  0x0000000021846000 JavaThread "Reference Handler" daemon [_thread_blocked, id=13600, stack(0x0000000021990000,0x0000000021a90000)]
  0x0000000021847000 JavaThread "Finalizer" daemon [_thread_blocked, id=13604, stack(0x0000000021d40000,0x0000000021e40000)]
  0x0000000021860000 JavaThread "Signal Dispatcher" daemon [_thread_blocked, id=13636, stack(0x0000000021ff0000,0x00000000220f0000)]
  0x0000000021865000 JavaThread "Attach Listener" daemon [_thread_blocked, id=13648, stack(0x0000000022130000,0x0000000022230000)]
  0x0000000021866800 JavaThread "C2 CompilerThread0" daemon [_thread_blocked, id=13656, stack(0x0000000021ec0000,0x0000000021fc0000)]
=>0x000000002186e800 JavaThread "C1 CompilerThread0" daemon [_thread_in_native, id=13668, stack(0x0000000022390000,0x0000000022490000)]
  0x0000000021878000 JavaThread "Sweeper thread" daemon [_thread_blocked, id=13676, stack(0x0000000022520000,0x0000000022620000)]
  0x0000000022669800 JavaThread "Service Thread" daemon [_thread_blocked, id=13708, stack(0x0000000022230000,0x0000000022330000)]
  0x000000002267c000 JavaThread "Common-Cleaner" daemon [_thread_blocked, id=13728, stack(0x0000000022ce0000,0x0000000022de0000)]

Other Threads:
  0x0000000021842800 VMThread "VM Thread" [stack: 0x0000000021ac0000,0x0000000021bc0000] [id=13564]
  0x0000000022671000 WatcherThread [stack: 0x0000000022af0000,0x0000000022bf0000] [id=13724]
  0x0000000000474800 GCTaskThread "GC Thread#0" [stack: 0x000000001e060000,0x000000001e160000] [id=13460]
  0x000000000047f000 ConcurrentGCThread "G1 Main Marker" [stack: 0x000000001e180000,0x000000001e280000] [id=13468]
  0x0000000000480800 ConcurrentGCThread "G1 Conc#0" [stack: 0x000000001e3a0000,0x000000001e4a0000] [id=13480]
  0x000000002072d000 ConcurrentGCThread "G1 Refine#0" [stack: 0x0000000020e50000,0x0000000020f50000] [id=13488]
  0x000000002072f000 ConcurrentGCThread "G1 Young RemSet Sampling" [stack: 0x0000000020d50000,0x0000000020e50000] [id=13492]

Threads with active compile tasks:
C1 CompilerThread0   618       3       java.io.WinNTFileSystem::resolve (275 bytes)

VM state:not at safepoint (normal execution)

VM Mutex/Monitor currently owned by a thread: None

Heap address: 0x00000000a0c00000, size: 1524 MB, Compressed Oops mode: 32-bit
Narrow klass base: 0x0000000800000000, Narrow klass shift: 3
Compressed class space size: 1073741824 Address: 0x0000000801190000

Heap:
 garbage-first heap   total 98304K, used 9216K [0x00000000a0c00000, 0x0000000100000000)
  region size 1024K, 10 young (10240K), 0 survivors (0K)
 Metaspace       used 2448K, capacity 5886K, committed 6016K, reserved 1056768K
  class space    used 233K, capacity 580K, committed 640K, reserved 1048576K
Heap Regions: E=young(eden), S=young(survivor), O=old, HS=humongous(starts), HC=humongous(continues), CS=collection set, F=free, A=archive, TAMS=top-at-mark-start (previous, next)
|   0|0x00000000a0c00000, 0x00000000a0c00000, 0x00000000a0d00000|  0%| F|  |TAMS 0x00000000a0c00000, 0x00000000a0c00000| Untracked 
|   1|0x00000000a0d00000, 0x00000000a0d00000, 0x00000000a0e00000|  0%| F|  |TAMS 0x00000000a0d00000, 0x00000000a0d00000| Untracked 
|   2|0x00000000a0e00000, 0x00000000a0e00000, 0x00000000a0f00000|  0%| F|  |TAMS 0x00000000a0e00000, 0x00000000a0e00000| Untracked 
|   3|0x00000000a0f00000, 0x00000000a0f00000, 0x00000000a1000000|  0%| F|  |TAMS 0x00000000a0f00000, 0x00000000a0f00000| Untracked 
|   4|0x00000000a1000000, 0x00000000a1000000, 0x00000000a1100000|  0%| F|  |TAMS 0x00000000a1000000, 0x00000000a1000000| Untracked 
|   5|0x00000000a1100000, 0x00000000a1100000, 0x00000000a1200000|  0%| F|  |TAMS 0x00000000a1100000, 0x00000000a1100000| Untracked 
|   6|0x00000000a1200000, 0x00000000a1200000, 0x00000000a1300000|  0%| F|  |TAMS 0x00000000a1200000, 0x00000000a1200000| Untracked 
|   7|0x00000000a1300000, 0x00000000a1300000, 0x00000000a1400000|  0%| F|  |TAMS 0x00000000a1300000, 0x00000000a1300000| Untracked 
|   8|0x00000000a1400000, 0x00000000a1400000, 0x00000000a1500000|  0%| F|  |TAMS 0x00000000a1400000, 0x00000000a1400000| Untracked 
|   9|0x00000000a1500000, 0x00000000a1500000, 0x00000000a1600000|  0%| F|  |TAMS 0x00000000a1500000, 0x00000000a1500000| Untracked 
|  10|0x00000000a1600000, 0x00000000a1600000, 0x00000000a1700000|  0%| F|  |TAMS 0x00000000a1600000, 0x00000000a1600000| Untracked 
|  11|0x00000000a1700000, 0x00000000a1700000, 0x00000000a1800000|  0%| F|  |TAMS 0x00000000a1700000, 0x00000000a1700000| Untracked 
|  12|0x00000000a1800000, 0x00000000a1800000, 0x00000000a1900000|  0%| F|  |TAMS 0x00000000a1800000, 0x00000000a1800000| Untracked 
|  13|0x00000000a1900000, 0x00000000a1900000, 0x00000000a1a00000|  0%| F|  |TAMS 0x00000000a1900000, 0x00000000a1900000| Untracked 
|  14|0x00000000a1a00000, 0x00000000a1a00000, 0x00000000a1b00000|  0%| F|  |TAMS 0x00000000a1a00000, 0x00000000a1a00000| Untracked 
|  15|0x00000000a1b00000, 0x00000000a1b00000, 0x00000000a1c00000|  0%| F|  |TAMS 0x00000000a1b00000, 0x00000000a1b00000| Untracked 
|  16|0x00000000a1c00000, 0x00000000a1c00000, 0x00000000a1d00000|  0%| F|  |TAMS 0x00000000a1c00000, 0x00000000a1c00000| Untracked 
|  17|0x00000000a1d00000, 0x00000000a1d00000, 0x00000000a1e00000|  0%| F|  |TAMS 0x00000000a1d00000, 0x00000000a1d00000| Untracked 
|  18|0x00000000a1e00000, 0x00000000a1e00000, 0x00000000a1f00000|  0%| F|  |TAMS 0x00000000a1e00000, 0x00000000a1e00000| Untracked 
|  19|0x00000000a1f00000, 0x00000000a1f00000, 0x00000000a2000000|  0%| F|  |TAMS 0x00000000a1f00000, 0x00000000a1f00000| Untracked 
|  20|0x00000000a2000000, 0x00000000a2000000, 0x00000000a2100000|  0%| F|  |TAMS 0x00000000a2000000, 0x00000000a2000000| Untracked 
|  21|0x00000000a2100000, 0x00000000a2100000, 0x00000000a2200000|  0%| F|  |TAMS 0x00000000a2100000, 0x00000000a2100000| Untracked 
|  22|0x00000000a2200000, 0x00000000a2200000, 0x00000000a2300000|  0%| F|  |TAMS 0x00000000a2200000, 0x00000000a2200000| Untracked 
|  23|0x00000000a2300000, 0x00000000a2300000, 0x00000000a2400000|  0%| F|  |TAMS 0x00000000a2300000, 0x00000000a2300000| Untracked 
|  24|0x00000000a2400000, 0x00000000a2400000, 0x00000000a2500000|  0%| F|  |TAMS 0x00000000a2400000, 0x00000000a2400000| Untracked 
|  25|0x00000000a2500000, 0x00000000a2500000, 0x00000000a2600000|  0%| F|  |TAMS 0x00000000a2500000, 0x00000000a2500000| Untracked 
|  26|0x00000000a2600000, 0x00000000a2600000, 0x00000000a2700000|  0%| F|  |TAMS 0x00000000a2600000, 0x00000000a2600000| Untracked 
|  27|0x00000000a2700000, 0x00000000a2700000, 0x00000000a2800000|  0%| F|  |TAMS 0x00000000a2700000, 0x00000000a2700000| Untracked 
|  28|0x00000000a2800000, 0x00000000a2800000, 0x00000000a2900000|  0%| F|  |TAMS 0x00000000a2800000, 0x00000000a2800000| Untracked 
|  29|0x00000000a2900000, 0x00000000a2900000, 0x00000000a2a00000|  0%| F|  |TAMS 0x00000000a2900000, 0x00000000a2900000| Untracked 
|  30|0x00000000a2a00000, 0x00000000a2a00000, 0x00000000a2b00000|  0%| F|  |TAMS 0x00000000a2a00000, 0x00000000a2a00000| Untracked 
|  31|0x00000000a2b00000, 0x00000000a2b00000, 0x00000000a2c00000|  0%| F|  |TAMS 0x00000000a2b00000, 0x00000000a2b00000| Untracked 
|  32|0x00000000a2c00000, 0x00000000a2c00000, 0x00000000a2d00000|  0%| F|  |TAMS 0x00000000a2c00000, 0x00000000a2c00000| Untracked 
|  33|0x00000000a2d00000, 0x00000000a2d00000, 0x00000000a2e00000|  0%| F|  |TAMS 0x00000000a2d00000, 0x00000000a2d00000| Untracked 
|  34|0x00000000a2e00000, 0x00000000a2e00000, 0x00000000a2f00000|  0%| F|  |TAMS 0x00000000a2e00000, 0x00000000a2e00000| Untracked 
|  35|0x00000000a2f00000, 0x00000000a2f00000, 0x00000000a3000000|  0%| F|  |TAMS 0x00000000a2f00000, 0x00000000a2f00000| Untracked 
|  36|0x00000000a3000000, 0x00000000a3000000, 0x00000000a3100000|  0%| F|  |TAMS 0x00000000a3000000, 0x00000000a3000000| Untracked 
|  37|0x00000000a3100000, 0x00000000a3100000, 0x00000000a3200000|  0%| F|  |TAMS 0x00000000a3100000, 0x00000000a3100000| Untracked 
|  38|0x00000000a3200000, 0x00000000a3200000, 0x00000000a3300000|  0%| F|  |TAMS 0x00000000a3200000, 0x00000000a3200000| Untracked 
|  39|0x00000000a3300000, 0x00000000a3300000, 0x00000000a3400000|  0%| F|  |TAMS 0x00000000a3300000, 0x00000000a3300000| Untracked 
|  40|0x00000000a3400000, 0x00000000a3400000, 0x00000000a3500000|  0%| F|  |TAMS 0x00000000a3400000, 0x00000000a3400000| Untracked 
|  41|0x00000000a3500000, 0x00000000a3500000, 0x00000000a3600000|  0%| F|  |TAMS 0x00000000a3500000, 0x00000000a3500000| Untracked 
|  42|0x00000000a3600000, 0x00000000a3600000, 0x00000000a3700000|  0%| F|  |TAMS 0x00000000a3600000, 0x00000000a3600000| Untracked 
|  43|0x00000000a3700000, 0x00000000a3700000, 0x00000000a3800000|  0%| F|  |TAMS 0x00000000a3700000, 0x00000000a3700000| Untracked 
|  44|0x00000000a3800000, 0x00000000a3800000, 0x00000000a3900000|  0%| F|  |TAMS 0x00000000a3800000, 0x00000000a3800000| Untracked 
|  45|0x00000000a3900000, 0x00000000a3900000, 0x00000000a3a00000|  0%| F|  |TAMS 0x00000000a3900000, 0x00000000a3900000| Untracked 
|  46|0x00000000a3a00000, 0x00000000a3a00000, 0x00000000a3b00000|  0%| F|  |TAMS 0x00000000a3a00000, 0x00000000a3a00000| Untracked 
|  47|0x00000000a3b00000, 0x00000000a3b00000, 0x00000000a3c00000|  0%| F|  |TAMS 0x00000000a3b00000, 0x00000000a3b00000| Untracked 
|  48|0x00000000a3c00000, 0x00000000a3c00000, 0x00000000a3d00000|  0%| F|  |TAMS 0x00000000a3c00000, 0x00000000a3c00000| Untracked 
|  49|0x00000000a3d00000, 0x00000000a3d00000, 0x00000000a3e00000|  0%| F|  |TAMS 0x00000000a3d00000, 0x00000000a3d00000| Untracked 
|  50|0x00000000a3e00000, 0x00000000a3e00000, 0x00000000a3f00000|  0%| F|  |TAMS 0x00000000a3e00000, 0x00000000a3e00000| Untracked 
|  51|0x00000000a3f00000, 0x00000000a3f00000, 0x00000000a4000000|  0%| F|  |TAMS 0x00000000a3f00000, 0x00000000a3f00000| Untracked 
|  52|0x00000000a4000000, 0x00000000a4000000, 0x00000000a4100000|  0%| F|  |TAMS 0x00000000a4000000, 0x00000000a4000000| Untracked 
|  53|0x00000000a4100000, 0x00000000a4100000, 0x00000000a4200000|  0%| F|  |TAMS 0x00000000a4100000, 0x00000000a4100000| Untracked 
|  54|0x00000000a4200000, 0x00000000a4200000, 0x00000000a4300000|  0%| F|  |TAMS 0x00000000a4200000, 0x00000000a4200000| Untracked 
|  55|0x00000000a4300000, 0x00000000a4300000, 0x00000000a4400000|  0%| F|  |TAMS 0x00000000a4300000, 0x00000000a4300000| Untracked 
|  56|0x00000000a4400000, 0x00000000a4400000, 0x00000000a4500000|  0%| F|  |TAMS 0x00000000a4400000, 0x00000000a4400000| Untracked 
|  57|0x00000000a4500000, 0x00000000a4500000, 0x00000000a4600000|  0%| F|  |TAMS 0x00000000a4500000, 0x00000000a4500000| Untracked 
|  58|0x00000000a4600000, 0x00000000a4600000, 0x00000000a4700000|  0%| F|  |TAMS 0x00000000a4600000, 0x00000000a4600000| Untracked 
|  59|0x00000000a4700000, 0x00000000a4700000, 0x00000000a4800000|  0%| F|  |TAMS 0x00000000a4700000, 0x00000000a4700000| Untracked 
|  60|0x00000000a4800000, 0x00000000a4800000, 0x00000000a4900000|  0%| F|  |TAMS 0x00000000a4800000, 0x00000000a4800000| Untracked 
|  61|0x00000000a4900000, 0x00000000a4900000, 0x00000000a4a00000|  0%| F|  |TAMS 0x00000000a4900000, 0x00000000a4900000| Untracked 
|  62|0x00000000a4a00000, 0x00000000a4a00000, 0x00000000a4b00000|  0%| F|  |TAMS 0x00000000a4a00000, 0x00000000a4a00000| Untracked 
|  63|0x00000000a4b00000, 0x00000000a4b00000, 0x00000000a4c00000|  0%| F|  |TAMS 0x00000000a4b00000, 0x00000000a4b00000| Untracked 
|  64|0x00000000a4c00000, 0x00000000a4c00000, 0x00000000a4d00000|  0%| F|  |TAMS 0x00000000a4c00000, 0x00000000a4c00000| Untracked 
|  65|0x00000000a4d00000, 0x00000000a4d00000, 0x00000000a4e00000|  0%| F|  |TAMS 0x00000000a4d00000, 0x00000000a4d00000| Untracked 
|  66|0x00000000a4e00000, 0x00000000a4e00000, 0x00000000a4f00000|  0%| F|  |TAMS 0x00000000a4e00000, 0x00000000a4e00000| Untracked 
|  67|0x00000000a4f00000, 0x00000000a4f00000, 0x00000000a5000000|  0%| F|  |TAMS 0x00000000a4f00000, 0x00000000a4f00000| Untracked 
|  68|0x00000000a5000000, 0x00000000a5000000, 0x00000000a5100000|  0%| F|  |TAMS 0x00000000a5000000, 0x00000000a5000000| Untracked 
|  69|0x00000000a5100000, 0x00000000a5100000, 0x00000000a5200000|  0%| F|  |TAMS 0x00000000a5100000, 0x00000000a5100000| Untracked 
|  70|0x00000000a5200000, 0x00000000a5200000, 0x00000000a5300000|  0%| F|  |TAMS 0x00000000a5200000, 0x00000000a5200000| Untracked 
|  71|0x00000000a5300000, 0x00000000a5300000, 0x00000000a5400000|  0%| F|  |TAMS 0x00000000a5300000, 0x00000000a5300000| Untracked 
|  72|0x00000000a5400000, 0x00000000a5400000, 0x00000000a5500000|  0%| F|  |TAMS 0x00000000a5400000, 0x00000000a5400000| Untracked 
|  73|0x00000000a5500000, 0x00000000a5500000, 0x00000000a5600000|  0%| F|  |TAMS 0x00000000a5500000, 0x00000000a5500000| Untracked 
|  74|0x00000000a5600000, 0x00000000a5600000, 0x00000000a5700000|  0%| F|  |TAMS 0x00000000a5600000, 0x00000000a5600000| Untracked 
|  75|0x00000000a5700000, 0x00000000a5700000, 0x00000000a5800000|  0%| F|  |TAMS 0x00000000a5700000, 0x00000000a5700000| Untracked 
|  76|0x00000000a5800000, 0x00000000a5800000, 0x00000000a5900000|  0%| F|  |TAMS 0x00000000a5800000, 0x00000000a5800000| Untracked 
|  77|0x00000000a5900000, 0x00000000a5900000, 0x00000000a5a00000|  0%| F|  |TAMS 0x00000000a5900000, 0x00000000a5900000| Untracked 
|  78|0x00000000a5a00000, 0x00000000a5a00000, 0x00000000a5b00000|  0%| F|  |TAMS 0x00000000a5a00000, 0x00000000a5a00000| Untracked 
|  79|0x00000000a5b00000, 0x00000000a5b00000, 0x00000000a5c00000|  0%| F|  |TAMS 0x00000000a5b00000, 0x00000000a5b00000| Untracked 
|  80|0x00000000a5c00000, 0x00000000a5c00000, 0x00000000a5d00000|  0%| F|  |TAMS 0x00000000a5c00000, 0x00000000a5c00000| Untracked 
|  81|0x00000000a5d00000, 0x00000000a5d00000, 0x00000000a5e00000|  0%| F|  |TAMS 0x00000000a5d00000, 0x00000000a5d00000| Untracked 
|  82|0x00000000a5e00000, 0x00000000a5e00000, 0x00000000a5f00000|  0%| F|  |TAMS 0x00000000a5e00000, 0x00000000a5e00000| Untracked 
|  83|0x00000000a5f00000, 0x00000000a5f00000, 0x00000000a6000000|  0%| F|  |TAMS 0x00000000a5f00000, 0x00000000a5f00000| Untracked 
|  84|0x00000000a6000000, 0x00000000a6000000, 0x00000000a6100000|  0%| F|  |TAMS 0x00000000a6000000, 0x00000000a6000000| Untracked 
|  85|0x00000000a6100000, 0x00000000a6100000, 0x00000000a6200000|  0%| F|  |TAMS 0x00000000a6100000, 0x00000000a6100000| Untracked 
|  86|0x00000000a6200000, 0x00000000a627b980, 0x00000000a6300000| 48%| E|  |TAMS 0x00000000a6200000, 0x00000000a6200000| Complete 
|  87|0x00000000a6300000, 0x00000000a6400000, 0x00000000a6400000|100%| E|CS|TAMS 0x00000000a6300000, 0x00000000a6300000| Complete 
|  88|0x00000000a6400000, 0x00000000a6500000, 0x00000000a6500000|100%| E|CS|TAMS 0x00000000a6400000, 0x00000000a6400000| Complete 
|  89|0x00000000a6500000, 0x00000000a6600000, 0x00000000a6600000|100%| E|CS|TAMS 0x00000000a6500000, 0x00000000a6500000| Complete 
|  90|0x00000000a6600000, 0x00000000a6700000, 0x00000000a6700000|100%| E|CS|TAMS 0x00000000a6600000, 0x00000000a6600000| Complete 
|  91|0x00000000a6700000, 0x00000000a6800000, 0x00000000a6800000|100%| E|CS|TAMS 0x00000000a6700000, 0x00000000a6700000| Complete 
|  92|0x00000000a6800000, 0x00000000a6900000, 0x00000000a6900000|100%| E|CS|TAMS 0x00000000a6800000, 0x00000000a6800000| Complete 
|  93|0x00000000a6900000, 0x00000000a6a00000, 0x00000000a6a00000|100%| E|CS|TAMS 0x00000000a6900000, 0x00000000a6900000| Complete 
|  94|0x00000000a6a00000, 0x00000000a6b00000, 0x00000000a6b00000|100%| E|CS|TAMS 0x00000000a6a00000, 0x00000000a6a00000| Complete 
|  95|0x00000000a6b00000, 0x00000000a6c00000, 0x00000000a6c00000|100%| E|CS|TAMS 0x00000000a6b00000, 0x00000000a6b00000| Complete 

Card table byte_map: [0x000000001aaa0000,0x000000001ada0000] _byte_map_base: 0x000000001a59a000

Marking Bits (Prev, Next): (CMBitMap*) 0x0000000000475408, (CMBitMap*) 0x0000000000475448
 Prev Bits: [0x000000001b0a0000, 0x000000001c870000)
 Next Bits: [0x000000001c870000, 0x000000001e040000)

Polling page: 0x0000000000130000

Metaspace:

Usage:
  Non-class:      5.18 MB capacity,     2.16 MB ( 42%) used,     3.01 MB ( 58%) free+waste,     3.69 KB ( <1%) overhead. 
      Class:    580.00 KB capacity,   233.52 KB ( 40%) used,   344.41 KB ( 59%) free+waste,     2.06 KB ( <1%) overhead. 
       Both:      5.75 MB capacity,     2.39 MB ( 42%) used,     3.35 MB ( 58%) free+waste,     5.75 KB ( <1%) overhead. 

Virtual space:
  Non-class space:        8.00 MB reserved,       5.25 MB ( 66%) committed 
      Class space:        1.00 GB reserved,     640.00 KB ( <1%) committed 
             Both:        1.01 GB reserved,       5.88 MB ( <1%) committed 

Chunk freelists:
   Non-Class:  768 bytes
       Class:  3.50 KB
        Both:  4.25 KB

CodeHeap 'non-profiled nmethods': size=120000Kb used=175Kb max_used=175Kb free=119824Kb
 bounds [0x0000000012900000, 0x0000000012b70000, 0x0000000019e30000]
CodeHeap 'profiled nmethods': size=120000Kb used=1228Kb max_used=1228Kb free=118771Kb
 bounds [0x000000000b3d0000, 0x000000000b640000, 0x0000000012900000]
CodeHeap 'non-nmethods': size=5760Kb used=1091Kb max_used=1102Kb free=4668Kb
 bounds [0x000000000ae30000, 0x000000000b0a0000, 0x000000000b3d0000]
 total_blobs=1151 nmethods=617 adapters=291
 compilation: enabled
              stopped_count=0, restarted_count=0
 full_count=0

Compilation events (10 events):
Event: 237.517 Thread 0x000000002186e800 nmethod 612 0x000000000b4ffd10 code [0x000000000b4ffee0, 0x000000000b500170]
Event: 237.523 Thread 0x000000002186e800  613  s    3       jdk.internal.perf.PerfCounter::add (18 bytes)
Event: 237.525 Thread 0x000000002186e800 nmethod 613 0x000000000b500290 code [0x000000000b500480, 0x000000000b500ba0]
Event: 237.525 Thread 0x000000002186e800  615       3       java.util.WeakHashMap::put (162 bytes)
Event: 237.533 Thread 0x000000002186e800 nmethod 615 0x000000000b500d90 code [0x000000000b501020, 0x000000000b502040]
Event: 237.533 Thread 0x000000002186e800  614  s    3       jdk.internal.perf.PerfCounter::get (9 bytes)
Event: 237.534 Thread 0x000000002186e800 nmethod 614 0x000000000b502590 code [0x000000000b502760, 0x000000000b502b50]
Event: 237.535 Thread 0x000000002186e800  616       3       java.util.Collections$SetFromMap::add (22 bytes)
Event: 237.536 Thread 0x000000002186e800 nmethod 616 0x000000000b502c10 code [0x000000000b502de0, 0x000000000b5030b0]
Event: 237.549 Thread 0x000000002186e800  618       3       java.io.WinNTFileSystem::resolve (275 bytes)

GC Heap History (0 events):
No events

Deoptimization events (2 events):
Event: 71.125 Thread 0x000000000043d000 Uncommon trap: reason=unstable_if action=reinterpret pc=0x0000000012904058 method=java.lang.String.hashCode()I @ 14 c2
Event: 236.604 Thread 0x000000000043d000 Uncommon trap: reason=unstable_if action=reinterpret pc=0x0000000012908fb8 method=java.lang.StringLatin1.canEncode(I)Z @ 4 c2

Classes redefined (0 events):
No events

Internal exceptions (1 events):
Event: 192.504 Thread 0x000000000043d000 Exception <a 'java/lang/NoSuchMethodError'{0x00000000a683e228}: java.lang.invoke.DirectMethodHandle$Holder.invokeSpecialIFC(Ljava/lang/Object;Ljava/lang/Object;I)I> (0x00000000a683e228) thrown at [t:/workspace/open/src/hotspot/share/interpreter/linkResolv

Events (10 events):
Event: 237.552 loading class com/google/inject/spi/Dependency
Event: 237.552 loading class com/google/inject/spi/Dependency done
Event: 237.554 loading class org/eclipse/sisu/bean/BeanScheduler$CycleActivator
Event: 237.554 loading class org/eclipse/sisu/bean/BeanScheduler$CycleActivator done
Event: 237.555 loading class com/google/inject/spi/BindingScopingVisitor
Event: 237.555 loading class com/google/inject/spi/BindingScopingVisitor done
Event: 237.556 loading class org/eclipse/sisu/bean/BeanScheduler$CycleActivator$1
Event: 237.556 loading class org/eclipse/sisu/bean/BeanScheduler$CycleActivator$1 done
Event: 237.557 loading class com/google/inject/spi/DefaultBindingScopingVisitor
Event: 237.557 loading class com/google/inject/spi/DefaultBindingScopingVisitor done


Dynamic libraries:
0x000000013f8c0000 - 0x000000013f8cf000 	C:\Program Files\Java\jdk-12.0.2\bin\java.exe
0x00000000773b0000 - 0x0000000077559000 	C:\Windows\SYSTEM32\ntdll.dll
0x0000000077190000 - 0x00000000772af000 	C:\Windows\system32\kernel32.dll
0x000007fefd180000 - 0x000007fefd1eb000 	C:\Windows\system32\KERNELBASE.dll
0x000007fef8620000 - 0x000007fef8638000 	C:\Program Files\Java\jdk-12.0.2\bin\jli.dll
0x000007fefd640000 - 0x000007fefd71b000 	C:\Windows\system32\ADVAPI32.dll
0x000007fefe250000 - 0x000007fefe2ef000 	C:\Windows\system32\msvcrt.dll
0x000007fefe2f0000 - 0x000007fefe30f000 	C:\Windows\SYSTEM32\sechost.dll
0x000007fefe080000 - 0x000007fefe1ad000 	C:\Windows\system32\RPCRT4.dll
0x000007fefb930000 - 0x000007fefbb24000 	C:\Windows\WinSxS\amd64_microsoft.windows.common-controls_6595b64144ccf1df_6.0.7601.17514_none_fa396087175ac9ac\COMCTL32.dll
0x000007fefe310000 - 0x000007fefe377000 	C:\Windows\system32\GDI32.dll
0x00000000772b0000 - 0x00000000773aa000 	C:\Windows\system32\USER32.dll
0x000007fefde60000 - 0x000007fefde6e000 	C:\Windows\system32\LPK.dll
0x000007feff110000 - 0x000007feff1d9000 	C:\Windows\system32\USP10.dll
0x000007fefd520000 - 0x000007fefd591000 	C:\Windows\system32\SHLWAPI.dll
0x000007fefc250000 - 0x000007fefc25c000 	C:\Windows\system32\VERSION.dll
0x000007fef95d0000 - 0x000007fef95e6000 	C:\Program Files\Java\jdk-12.0.2\bin\VCRUNTIME140.dll
0x000007fef9dd0000 - 0x000007fef9dd4000 	C:\Program Files\Java\jdk-12.0.2\bin\api-ms-win-crt-runtime-l1-1-0.dll
0x000007fef7b60000 - 0x000007fef7c56000 	C:\Program Files\Java\jdk-12.0.2\bin\ucrtbase.DLL
0x000007fefb790000 - 0x000007fefb793000 	C:\Program Files\Java\jdk-12.0.2\bin\api-ms-win-core-localization-l1-2-0.dll
0x000007fef8740000 - 0x000007fef8743000 	C:\Program Files\Java\jdk-12.0.2\bin\api-ms-win-core-processthreads-l1-1-1.dll
0x000007fef8650000 - 0x000007fef8653000 	C:\Program Files\Java\jdk-12.0.2\bin\api-ms-win-core-file-l1-2-0.dll
0x000007fef8640000 - 0x000007fef8643000 	C:\Program Files\Java\jdk-12.0.2\bin\api-ms-win-core-timezone-l1-1-0.dll
0x000007fef8580000 - 0x000007fef8583000 	C:\Program Files\Java\jdk-12.0.2\bin\api-ms-win-core-file-l2-1-0.dll
0x000007fef8610000 - 0x000007fef8613000 	C:\Program Files\Java\jdk-12.0.2\bin\api-ms-win-core-synch-l1-2-0.dll
0x000007fef9dc0000 - 0x000007fef9dc4000 	C:\Program Files\Java\jdk-12.0.2\bin\api-ms-win-crt-string-l1-1-0.dll
0x000007fef5410000 - 0x000007fef5413000 	C:\Program Files\Java\jdk-12.0.2\bin\api-ms-win-crt-heap-l1-1-0.dll
0x000007fef95c0000 - 0x000007fef95c4000 	C:\Program Files\Java\jdk-12.0.2\bin\api-ms-win-crt-stdio-l1-1-0.dll
0x000007fef53f0000 - 0x000007fef53f4000 	C:\Program Files\Java\jdk-12.0.2\bin\api-ms-win-crt-convert-l1-1-0.dll
0x000007fef5400000 - 0x000007fef5403000 	C:\Program Files\Java\jdk-12.0.2\bin\api-ms-win-crt-environment-l1-1-0.dll
0x000007fef53b0000 - 0x000007fef53b3000 	C:\Program Files\Java\jdk-12.0.2\bin\api-ms-win-crt-filesystem-l1-1-0.dll
0x000007fef53e0000 - 0x000007fef53e5000 	C:\Program Files\Java\jdk-12.0.2\bin\api-ms-win-crt-math-l1-1-0.dll
0x000007fef1400000 - 0x000007fef1403000 	C:\Program Files\Java\jdk-12.0.2\bin\api-ms-win-crt-locale-l1-1-0.dll
0x000007fefde70000 - 0x000007fefde9e000 	C:\Windows\system32\IMM32.DLL
0x000007fefdea0000 - 0x000007fefdfa9000 	C:\Windows\system32\MSCTF.dll
0x000007fef1410000 - 0x000007fef14ba000 	C:\Program Files\Java\jdk-12.0.2\bin\msvcp140.dll
0x000007fef13f0000 - 0x000007fef13f5000 	C:\Program Files\Java\jdk-12.0.2\bin\api-ms-win-crt-multibyte-l1-1-0.dll
0x000007fef53c0000 - 0x000007fef53c3000 	C:\Program Files\Java\jdk-12.0.2\bin\api-ms-win-crt-time-l1-1-0.dll
0x000007fef53d0000 - 0x000007fef53d3000 	C:\Program Files\Java\jdk-12.0.2\bin\api-ms-win-crt-utility-l1-1-0.dll
0x000007fef1660000 - 0x000007fef21d7000 	C:\Program Files\Java\jdk-12.0.2\bin\server\jvm.dll
0x000007fef4ec0000 - 0x000007fef4ec9000 	C:\Windows\system32\WSOCK32.dll
0x000007fefe010000 - 0x000007fefe05d000 	C:\Windows\system32\WS2_32.dll
0x000007feff1e0000 - 0x000007feff1e8000 	C:\Windows\system32\NSI.dll
0x000007fefab70000 - 0x000007fefabab000 	C:\Windows\system32\WINMM.dll
0x0000000077570000 - 0x0000000077577000 	C:\Windows\system32\PSAPI.DLL
0x000007fef5140000 - 0x000007fef5151000 	C:\Program Files\Java\jdk-12.0.2\bin\verify.dll
0x000007fef6e10000 - 0x000007fef6f35000 	C:\Windows\system32\DBGHELP.DLL
0x000007fef5160000 - 0x000007fef5186000 	C:\Program Files\Java\jdk-12.0.2\bin\java.dll
0x000007fef5120000 - 0x000007fef5137000 	C:\Program Files\Java\jdk-12.0.2\bin\zip.dll
0x000007fef5110000 - 0x000007fef511a000 	C:\Program Files\Java\jdk-12.0.2\bin\jimage.dll
0x000007fefe380000 - 0x000007feff108000 	C:\Windows\system32\SHELL32.dll
0x000007fefd720000 - 0x000007fefd923000 	C:\Windows\system32\ole32.dll
0x000007fefd170000 - 0x000007fefd17f000 	C:\Windows\system32\profapi.dll
0x000007fef50f0000 - 0x000007fef5109000 	C:\Program Files\Java\jdk-12.0.2\bin\net.dll
0x000007fef4b30000 - 0x000007fef4ba1000 	C:\Windows\system32\WINHTTP.dll
0x000007fef4ac0000 - 0x000007fef4b24000 	C:\Windows\system32\webio.dll
0x000007feff450000 - 0x000007feff5d5000 	C:\Windows\system32\urlmon.dll
0x000007fefd3f0000 - 0x000007fefd3f4000 	C:\Windows\system32\api-ms-win-downlevel-ole32-l1-1-0.dll
0x000007fefd510000 - 0x000007fefd514000 	C:\Windows\system32\api-ms-win-downlevel-shlwapi-l1-1-0.dll
0x000007fefd370000 - 0x000007fefd375000 	C:\Windows\system32\api-ms-win-downlevel-advapi32-l1-1-0.dll
0x000007fefd400000 - 0x000007fefd404000 	C:\Windows\system32\api-ms-win-downlevel-user32-l1-1-0.dll
0x000007fefd360000 - 0x000007fefd364000 	C:\Windows\system32\api-ms-win-downlevel-version-l1-1-0.dll
0x000007fefd380000 - 0x000007fefd383000 	C:\Windows\system32\api-ms-win-downlevel-normaliz-l1-1-0.dll
0x0000000077580000 - 0x0000000077583000 	C:\Windows\system32\normaliz.DLL
0x000007fefd930000 - 0x000007fefdbf7000 	C:\Windows\system32\iertutil.dll
0x000007feff1f0000 - 0x000007feff44a000 	C:\Windows\system32\WININET.dll
0x000007fefd4f0000 - 0x000007fefd50e000 	C:\Windows\system32\USERENV.dll
0x000007fefc900000 - 0x000007fefc955000 	C:\Windows\system32\mswsock.dll
0x000007fefc8f0000 - 0x000007fefc8f7000 	C:\Windows\System32\wship6.dll
0x000007fef50d0000 - 0x000007fef50e3000 	C:\Program Files\Java\jdk-12.0.2\bin\nio.dll
0x000007fef8570000 - 0x000007fef857a000 	C:\Program Files\NetBeans-12.5\netbeans\java\maven\lib\jansi-native\windows64\jansi.dll

dbghelp: loaded successfully - version: 4.0.5 - missing functions: none
symbol engine: initialized successfully - sym options: 0x614 - pdb path: .;C:\Program Files\Java\jdk-12.0.2\bin;C:\Windows\SYSTEM32;C:\Windows\WinSxS\amd64_microsoft.windows.common-controls_6595b64144ccf1df_6.0.7601.17514_none_fa396087175ac9ac;C:\Program Files\Java\jdk-12.0.2\bin\server;C:\Program Files\NetBeans-12.5\netbeans\java\maven\lib\jansi-native\windows64

VM Arguments:
jvm_args: -Dclassworlds.conf=C:\Program Files\NetBeans-12.5\netbeans\java\maven\bin\..\bin\m2.conf -Dmaven.home=C:\Program Files\NetBeans-12.5\netbeans\java\maven\bin\.. -Dlibrary.jansi.path=C:\Program Files\NetBeans-12.5\netbeans\java\maven\bin\..\lib\jansi-native -Dmaven.multiModuleProjectDirectory=C:\Users\Cliente\Documents\NetBeansProjects\SistemaOrdens 
java_command: org.codehaus.plexus.classworlds.launcher.Launcher -Dmaven.ext.class.path=C:\Program Files\NetBeans-12.5\netbeans\java\maven-nblib\netbeans-eventspy.jar -Dfile.encoding=UTF-8 install
java_class_path (initial): C:\Program Files\NetBeans-12.5\netbeans\java\maven\bin\..\boot\plexus-classworlds-2.6.0.jar
Launcher Type: SUN_STANDARD

[Global flags]
     intx CICompilerCount                          = 4                                         {product} {ergonomic}
     uint ConcGCThreads                            = 2                                         {product} {ergonomic}
     uint G1ConcRefinementThreads                  = 8                                         {product} {ergonomic}
   size_t G1HeapRegionSize                         = 1048576                                   {product} {ergonomic}
    uintx GCDrainStackTargetSize                   = 64                                        {product} {ergonomic}
   size_t InitialHeapSize                          = 100663296                                 {product} {ergonomic}
   size_t MarkStackSize                            = 4194304                                   {product} {ergonomic}
   size_t MaxHeapSize                              = 1598029824                                {product} {ergonomic}
   size_t MaxNewSize                               = 958398464                                 {product} {ergonomic}
   size_t MinHeapDeltaBytes                        = 1048576                                   {product} {ergonomic}
    uintx NonNMethodCodeHeapSize                   = 5836300                                {pd product} {ergonomic}
    uintx NonProfiledCodeHeapSize                  = 122910970                              {pd product} {ergonomic}
    uintx ProfiledCodeHeapSize                     = 122910970                              {pd product} {ergonomic}
    uintx ReservedCodeCacheSize                    = 251658240                              {pd product} {ergonomic}
     bool SegmentedCodeCache                       = true                                      {product} {ergonomic}
     bool UseCompressedClassPointers               = true                                 {lp64_product} {ergonomic}
     bool UseCompressedOops                        = true                                 {lp64_product} {ergonomic}
     bool UseG1GC                                  = true                                      {product} {ergonomic}
     bool UseLargePagesIndividualAllocation        = false                                  {pd product} {ergonomic}

Logging:
Log output configuration:
 #0: stdout all=warning uptime,level,tags
 #1: stderr all=off uptime,level,tags

Environment Variables:
JAVA_HOME=C:\Program Files\Java\jdk-12.0.2
PATH=C:\flutter\bin;C:\Windows\system32;C:\Windows;C:\Windows\system32\wbem;C:\Program Files (x86)\Common Files\Oracle\Java\javapath;C:\ProgramData\Oracle\Java\javapath;C:\Windows\System32\WindowsPowerShell\v1.0;C:\Program Files (x86)\Intel\OpenCL SDK\2.0\bin\x86;C:\Program Files (x86)\Intel\OpenCL SDK\2.0\bin\x64;C:\Program Files (x86)\Skype\Phone;C:\Program Files\dotnet;C:\Program Files\Microsoft SQL Server\130\Tools\Binn;C:\Program Files\Microsoft SQL Server\Client SDK\ODBC\170\Tools\Binn;C:\xampp\php;C:\Program Files\Git\cmd;C:\Program Files\Git LFS;C:\Program Files\nodejs;C:\Users\Cliente\AppData\Local\Android\Sdk\platform-tools;C:\Users\Cliente\AppData\Local\Programs\Microsoft VS Code\bin;C:\Users\Cliente\AppData\Roaming\Composer\vendor\bin;C:\AWRoot\bin\common;C:\AWRoot\bin\lib;C:\APP\ddc\bin;C:\Users\Cliente\AppData\Local\Programs\Microsoft VS Code\bin;C:\Users\Cliente\AppData\Roaming\Composer\vendor\bin;C:\src\flutter\bin
USERNAME=Cliente
OS=Windows_NT
PROCESSOR_IDENTIFIER=Intel64 Family 6 Model 42 Stepping 7, GenuineIntel



---------------  S Y S T E M  ---------------

OS: Windows 7 , 64 bit Build 7601 (6.1.7601.18015)

CPU:total 8 (initial active 8) (4 cores per cpu, 2 threads per core) family 6 model 42 stepping 7, cmov, cx8, fxsr, mmx, sse, sse2, sse3, ssse3, sse4.1, sse4.2, popcnt, avx, aes, clmul, ht, tsc, tscinvbit

Memory: 4k page, system-wide physical 6091M (886M free)
TotalPageFile size 24365M (AvailPageFile size 5M)
current process WorkingSet (physical memory assigned to process): 47M, peak: 47M
current process commit charge ("private bytes"): 186M, peak: 190M

vm_info: Java HotSpot(TM) 64-Bit Server VM (12.0.2+10) for windows-amd64 JRE (12.0.2+10), built on Jul 16 2019 01:56:17 by "mach5one" with MS VC++ 15.5 (VS2017)

END.
