#
# There is insufficient memory for the Java Runtime Environment to continue.
# Native memory allocation (malloc) failed to allocate 32744 bytes for ChunkPool::allocate
# Possible reasons:
#   The system is out of physical RAM or swap space
#   The process is running with CompressedOops enabled, and the Java Heap may be blocking the growth of the native heap
# Possible solutions:
#   Reduce memory load on the system
#   Increase physical memory or swap space
#   Check if swap backing store is full
#   Decrease Java heap size (-Xmx/-Xms)
#   Decrease number of Java threads
#   Decrease Java thread stack sizes (-Xss)
#   Set larger code cache with -XX:ReservedCodeCacheSize=
#   JVM is running with Unscaled Compressed Oops mode in which the Java heap is
#     placed in the first 4GB address space. The Java Heap base address is the
#     maximum limit for the native heap growth. Please use -XX:HeapBaseMinAddress
#     to set the Java Heap base and to place the Java Heap above 4GB virtual address.
# This output file may be truncated or incomplete.
#
#  Out of Memory Error (t:/workspace/open/src/hotspot/share/memory/arena.cpp:81), pid=9004, tid=5116
#
# JRE version: Java(TM) SE Runtime Environment (12.0.2+10) (build 12.0.2+10)
# Java VM: Java HotSpot(TM) 64-Bit Server VM (12.0.2+10, mixed mode, sharing, tiered, compressed oops, g1 gc, windows-amd64)
# No core dump will be written. Minidumps are not enabled by default on client versions of Windows
#

---------------  S U M M A R Y ------------

Command Line: -Dclassworlds.conf=C:\Program Files\NetBeans-12.5\netbeans\java\maven\bin\..\bin\m2.conf -Dmaven.home=C:\Program Files\NetBeans-12.5\netbeans\java\maven\bin\.. -Dlibrary.jansi.path=C:\Program Files\NetBeans-12.5\netbeans\java\maven\bin\..\lib\jansi-native -Dmaven.multiModuleProjectDirectory=C:\Users\Cliente\Documents\NetBeansProjects\SistemaOrdens org.codehaus.plexus.classworlds.launcher.Launcher -Dmaven.ext.class.path=C:\Program Files\NetBeans-12.5\netbeans\java\maven-nblib\netbeans-eventspy.jar -Dfile.encoding=UTF-8 install

Host: Intel(R) Core(TM) i7-2670QM CPU @ 2.20GHz, 8 cores, 5G,  Windows 7 , 64 bit Build 7601 (6.1.7601.18015)
Time: Thu Dec  9 14:04:56 2021 Hora oficial do Brasil elapsed time: 1052 seconds (0d 0h 17m 32s)

---------------  T H R E A D  ---------------

Current thread (0x000000001e20a000):  JavaThread "C2 CompilerThread0" daemon [_thread_in_native, id=5116, stack(0x00000000221b0000,0x00000000222b0000)]


Current CompileTask:
C2:1052582 5626       4       java.io.PrintStream::print (9 bytes)

Stack: [0x00000000221b0000,0x00000000222b0000]
Native frames: (J=compiled Java code, j=interpreted, Vv=VM code, C=native code)
V  [jvm.dll+0x63aa2a]
V  [jvm.dll+0x78ce1e]
V  [jvm.dll+0x78e4c1]
V  [jvm.dll+0x78eb13]
V  [jvm.dll+0x2627e8]
V  [jvm.dll+0xc57f6]
V  [jvm.dll+0xc5b4c]
V  [jvm.dll+0x360152]
V  [jvm.dll+0x3608a0]
V  [jvm.dll+0x53ce93]
V  [jvm.dll+0x659772]
V  [jvm.dll+0x65118b]
V  [jvm.dll+0x6507ac]
V  [jvm.dll+0x64e657]
V  [jvm.dll+0x19c46c]
V  [jvm.dll+0x2d31b6]
V  [jvm.dll+0x6596fe]
V  [jvm.dll+0x65118b]
V  [jvm.dll+0x6507ac]
V  [jvm.dll+0x64e657]
V  [jvm.dll+0x19c46c]
V  [jvm.dll+0x2d31b6]
V  [jvm.dll+0x6596fe]
V  [jvm.dll+0x65118b]
V  [jvm.dll+0x6507ac]
V  [jvm.dll+0x64e657]
V  [jvm.dll+0x19c46c]
V  [jvm.dll+0x2d31b6]
V  [jvm.dll+0x6596fe]
V  [jvm.dll+0x65118b]
V  [jvm.dll+0x6507ac]
V  [jvm.dll+0x64e657]
V  [jvm.dll+0x19c46c]
V  [jvm.dll+0x21b07b]
V  [jvm.dll+0x199a20]
V  [jvm.dll+0x22a744]
V  [jvm.dll+0x228d98]
V  [jvm.dll+0x7512a0]
V  [jvm.dll+0x74a2c8]
V  [jvm.dll+0x639b16]
C  [ucrtbase.DLL+0x1d885]
C  [kernel32.dll+0x1652d]
C  [ntdll.dll+0x2c541]


---------------  P R O C E S S  ---------------

Threads class SMR info:
_java_thread_list=0x00000000240297d0, length=10, elements={
0x000000000044d000, 0x000000001e1eb000, 0x000000001e1ec000, 0x000000001e204800,
0x000000001e209800, 0x000000001e20a000, 0x000000001e20b000, 0x0000000021a20000,
0x0000000022842800, 0x0000000022851800
}

Java Threads: ( => current thread )
  0x000000000044d000 JavaThread "main" [_thread_in_Java, id=9948, stack(0x0000000002140000,0x0000000002240000)]
  0x000000001e1eb000 JavaThread "Reference Handler" daemon [_thread_blocked, id=8640, stack(0x0000000021e50000,0x0000000021f50000)]
  0x000000001e1ec000 JavaThread "Finalizer" daemon [_thread_blocked, id=10176, stack(0x0000000021cd0000,0x0000000021dd0000)]
  0x000000001e204800 JavaThread "Signal Dispatcher" daemon [_thread_blocked, id=6080, stack(0x0000000022040000,0x0000000022140000)]
  0x000000001e209800 JavaThread "Attach Listener" daemon [_thread_blocked, id=8688, stack(0x0000000022320000,0x0000000022420000)]
=>0x000000001e20a000 JavaThread "C2 CompilerThread0" daemon [_thread_in_native, id=5116, stack(0x00000000221b0000,0x00000000222b0000)]
  0x000000001e20b000 JavaThread "C1 CompilerThread0" daemon [_thread_blocked, id=8936, stack(0x0000000022570000,0x0000000022670000)]
  0x0000000021a20000 JavaThread "Sweeper thread" daemon [_thread_blocked, id=2452, stack(0x00000000226f0000,0x00000000227f0000)]
  0x0000000022842800 JavaThread "Service Thread" daemon [_thread_blocked, id=5404, stack(0x0000000022c00000,0x0000000022d00000)]
  0x0000000022851800 JavaThread "Common-Cleaner" daemon [_thread_blocked, id=1996, stack(0x0000000022fb0000,0x00000000230b0000)]

Other Threads:
  0x000000001e1e8000 VMThread "VM Thread" [stack: 0x0000000021ba0000,0x0000000021ca0000] [id=9156]
  0x0000000022846800 WatcherThread [stack: 0x0000000022d70000,0x0000000022e70000] [id=9988]
  0x0000000000484800 GCTaskThread "GC Thread#0" [stack: 0x000000001e010000,0x000000001e110000] [id=10000]
  0x00000000237a5800 GCTaskThread "GC Thread#1" [stack: 0x0000000024b90000,0x0000000024c90000] [id=10044]
  0x00000000233d8800 GCTaskThread "GC Thread#2" [stack: 0x0000000022430000,0x0000000022530000] [id=13148]
  0x00000000246b9000 GCTaskThread "GC Thread#3" [stack: 0x0000000023a50000,0x0000000023b50000] [id=13156]
  0x0000000023d74800 GCTaskThread "GC Thread#4" [stack: 0x00000000269b0000,0x0000000026ab0000] [id=13160]
  0x000000000048f000 ConcurrentGCThread "G1 Main Marker" [stack: 0x000000001e210000,0x000000001e310000] [id=9384]
  0x0000000000490800 ConcurrentGCThread "G1 Conc#0" [stack: 0x000000001e3c0000,0x000000001e4c0000] [id=1224]
  0x0000000023c9a800 ConcurrentGCThread "G1 Conc#1" [stack: 0x0000000026890000,0x0000000026990000] [id=13228]
  0x000000001e17e800 ConcurrentGCThread "G1 Refine#0" [stack: 0x0000000020dd0000,0x0000000020ed0000] [id=1652]
  0x000000001e185800 ConcurrentGCThread "G1 Young RemSet Sampling" [stack: 0x0000000020f90000,0x0000000021090000] [id=2788]

Threads with active compile tasks:
C2 CompilerThread0  5626       4       java.io.PrintStream::print (9 bytes)

VM state:not at safepoint (normal execution)

VM Mutex/Monitor currently owned by a thread: None

Heap address: 0x00000000a0c00000, size: 1524 MB, Compressed Oops mode: 32-bit
Narrow klass base: 0x0000000800000000, Narrow klass shift: 3
Compressed class space size: 1073741824 Address: 0x0000000801190000

Heap:
 garbage-first heap   total 129024K, used 28729K [0x00000000a0c00000, 0x0000000100000000)
  region size 1024K, 3 young (3072K), 1 survivors (1024K)
 Metaspace       used 24683K, capacity 25362K, committed 25596K, reserved 1071104K
  class space    used 2761K, capacity 3003K, committed 3072K, reserved 1048576K
Heap Regions: E=young(eden), S=young(survivor), O=old, HS=humongous(starts), HC=humongous(continues), CS=collection set, F=free, A=archive, TAMS=top-at-mark-start (previous, next)
|   0|0x00000000a0c00000, 0x00000000a0d00000, 0x00000000a0d00000|100%| O|  |TAMS 0x00000000a0d00000, 0x00000000a0c00000| Untracked 
|   1|0x00000000a0d00000, 0x00000000a0e00000, 0x00000000a0e00000|100%| O|  |TAMS 0x00000000a0e00000, 0x00000000a0d00000| Untracked 
|   2|0x00000000a0e00000, 0x00000000a0f00000, 0x00000000a0f00000|100%| O|  |TAMS 0x00000000a0f00000, 0x00000000a0e00000| Untracked 
|   3|0x00000000a0f00000, 0x00000000a1000000, 0x00000000a1000000|100%| O|  |TAMS 0x00000000a1000000, 0x00000000a0f00000| Untracked 
|   4|0x00000000a1000000, 0x00000000a1100000, 0x00000000a1100000|100%| O|  |TAMS 0x00000000a1100000, 0x00000000a1000000| Untracked 
|   5|0x00000000a1100000, 0x00000000a1200000, 0x00000000a1200000|100%| O|  |TAMS 0x00000000a1200000, 0x00000000a1100000| Untracked 
|   6|0x00000000a1200000, 0x00000000a1300000, 0x00000000a1300000|100%| O|  |TAMS 0x00000000a1300000, 0x00000000a1200000| Untracked 
|   7|0x00000000a1300000, 0x00000000a1400000, 0x00000000a1400000|100%| O|  |TAMS 0x00000000a1400000, 0x00000000a1300000| Untracked 
|   8|0x00000000a1400000, 0x00000000a1500000, 0x00000000a1500000|100%| O|  |TAMS 0x00000000a1500000, 0x00000000a1400000| Untracked 
|   9|0x00000000a1500000, 0x00000000a1600000, 0x00000000a1600000|100%| O|  |TAMS 0x00000000a1500000, 0x00000000a1500000| Untracked 
|  10|0x00000000a1600000, 0x00000000a1646c00, 0x00000000a1700000| 27%| O|  |TAMS 0x00000000a1646c00, 0x00000000a1600000| Untracked 
|  11|0x00000000a1700000, 0x00000000a1800000, 0x00000000a1800000|100%| O|  |TAMS 0x00000000a1700000, 0x00000000a1700000| Untracked 
|  12|0x00000000a1800000, 0x00000000a1900000, 0x00000000a1900000|100%| O|  |TAMS 0x00000000a1800000, 0x00000000a1800000| Untracked 
|  13|0x00000000a1900000, 0x00000000a1a00000, 0x00000000a1a00000|100%| O|  |TAMS 0x00000000a1900000, 0x00000000a1900000| Untracked 
|  14|0x00000000a1a00000, 0x00000000a1b00000, 0x00000000a1b00000|100%| O|  |TAMS 0x00000000a1a00000, 0x00000000a1a00000| Untracked 
|  15|0x00000000a1b00000, 0x00000000a1c00000, 0x00000000a1c00000|100%| O|  |TAMS 0x00000000a1b00000, 0x00000000a1b00000| Untracked 
|  16|0x00000000a1c00000, 0x00000000a1d00000, 0x00000000a1d00000|100%| O|  |TAMS 0x00000000a1c00000, 0x00000000a1c00000| Untracked 
|  17|0x00000000a1d00000, 0x00000000a1e00000, 0x00000000a1e00000|100%| O|  |TAMS 0x00000000a1d00000, 0x00000000a1d00000| Untracked 
|  18|0x00000000a1e00000, 0x00000000a1f00000, 0x00000000a1f00000|100%| O|  |TAMS 0x00000000a1e00000, 0x00000000a1e00000| Untracked 
|  19|0x00000000a1f00000, 0x00000000a2000000, 0x00000000a2000000|100%| O|  |TAMS 0x00000000a1f00000, 0x00000000a1f00000| Untracked 
|  20|0x00000000a2000000, 0x00000000a2100000, 0x00000000a2100000|100%| O|  |TAMS 0x00000000a2000000, 0x00000000a2000000| Untracked 
|  21|0x00000000a2100000, 0x00000000a2200000, 0x00000000a2200000|100%| O|  |TAMS 0x00000000a2100000, 0x00000000a2100000| Untracked 
|  22|0x00000000a2200000, 0x00000000a2300000, 0x00000000a2300000|100%| O|  |TAMS 0x00000000a2200000, 0x00000000a2200000| Untracked 
|  23|0x00000000a2300000, 0x00000000a2400000, 0x00000000a2400000|100%| O|  |TAMS 0x00000000a2300000, 0x00000000a2300000| Untracked 
|  24|0x00000000a2400000, 0x00000000a2500000, 0x00000000a2500000|100%| O|  |TAMS 0x00000000a2400000, 0x00000000a2400000| Untracked 
|  25|0x00000000a2500000, 0x00000000a2600000, 0x00000000a2600000|100%| O|  |TAMS 0x00000000a2500000, 0x00000000a2500000| Untracked 
|  26|0x00000000a2600000, 0x00000000a266b200, 0x00000000a2700000| 41%| O|  |TAMS 0x00000000a2600000, 0x00000000a2600000| Untracked 
|  27|0x00000000a2700000, 0x00000000a2800000, 0x00000000a2800000|100%|HS|  |TAMS 0x00000000a2700000, 0x00000000a2700000| Complete 
|  28|0x00000000a2800000, 0x00000000a2800000, 0x00000000a2900000|  0%| F|  |TAMS 0x00000000a2800000, 0x00000000a2800000| Untracked 
|  29|0x00000000a2900000, 0x00000000a2900000, 0x00000000a2a00000|  0%| F|  |TAMS 0x00000000a2900000, 0x00000000a2900000| Untracked 
|  30|0x00000000a2a00000, 0x00000000a2a00000, 0x00000000a2b00000|  0%| F|  |TAMS 0x00000000a2a00000, 0x00000000a2a00000| Untracked 
|  31|0x00000000a2b00000, 0x00000000a2b00000, 0x00000000a2c00000|  0%| F|  |TAMS 0x00000000a2b00000, 0x00000000a2b00000| Untracked 
|  32|0x00000000a2c00000, 0x00000000a2c00000, 0x00000000a2d00000|  0%| F|  |TAMS 0x00000000a2c00000, 0x00000000a2c00000| Untracked 
|  33|0x00000000a2d00000, 0x00000000a2d00000, 0x00000000a2e00000|  0%| F|  |TAMS 0x00000000a2d00000, 0x00000000a2d00000| Untracked 
|  34|0x00000000a2e00000, 0x00000000a2e00000, 0x00000000a2f00000|  0%| F|  |TAMS 0x00000000a2e00000, 0x00000000a2e00000| Untracked 
|  35|0x00000000a2f00000, 0x00000000a2f00000, 0x00000000a3000000|  0%| F|  |TAMS 0x00000000a2f00000, 0x00000000a2f00000| Untracked 
|  36|0x00000000a3000000, 0x00000000a3000000, 0x00000000a3100000|  0%| F|  |TAMS 0x00000000a3000000, 0x00000000a3000000| Untracked 
|  37|0x00000000a3100000, 0x00000000a3100000, 0x00000000a3200000|  0%| F|  |TAMS 0x00000000a3100000, 0x00000000a3100000| Untracked 
|  38|0x00000000a3200000, 0x00000000a3200000, 0x00000000a3300000|  0%| F|  |TAMS 0x00000000a3200000, 0x00000000a3200000| Untracked 
|  39|0x00000000a3300000, 0x00000000a3300000, 0x00000000a3400000|  0%| F|  |TAMS 0x00000000a3300000, 0x00000000a3300000| Untracked 
|  40|0x00000000a3400000, 0x00000000a3400000, 0x00000000a3500000|  0%| F|  |TAMS 0x00000000a3400000, 0x00000000a3400000| Untracked 
|  41|0x00000000a3500000, 0x00000000a3500000, 0x00000000a3600000|  0%| F|  |TAMS 0x00000000a3500000, 0x00000000a3500000| Untracked 
|  42|0x00000000a3600000, 0x00000000a3600000, 0x00000000a3700000|  0%| F|  |TAMS 0x00000000a3600000, 0x00000000a3600000| Untracked 
|  43|0x00000000a3700000, 0x00000000a3700000, 0x00000000a3800000|  0%| F|  |TAMS 0x00000000a3700000, 0x00000000a3700000| Untracked 
|  44|0x00000000a3800000, 0x00000000a3800000, 0x00000000a3900000|  0%| F|  |TAMS 0x00000000a3800000, 0x00000000a3800000| Untracked 
|  45|0x00000000a3900000, 0x00000000a3900000, 0x00000000a3a00000|  0%| F|  |TAMS 0x00000000a3900000, 0x00000000a3900000| Untracked 
|  46|0x00000000a3a00000, 0x00000000a3a00000, 0x00000000a3b00000|  0%| F|  |TAMS 0x00000000a3a00000, 0x00000000a3a00000| Untracked 
|  47|0x00000000a3b00000, 0x00000000a3b00000, 0x00000000a3c00000|  0%| F|  |TAMS 0x00000000a3b00000, 0x00000000a3b00000| Untracked 
|  48|0x00000000a3c00000, 0x00000000a3c00000, 0x00000000a3d00000|  0%| F|  |TAMS 0x00000000a3c00000, 0x00000000a3c00000| Untracked 
|  49|0x00000000a3d00000, 0x00000000a3d00000, 0x00000000a3e00000|  0%| F|  |TAMS 0x00000000a3d00000, 0x00000000a3d00000| Untracked 
|  50|0x00000000a3e00000, 0x00000000a3e00000, 0x00000000a3f00000|  0%| F|  |TAMS 0x00000000a3e00000, 0x00000000a3e00000| Untracked 
|  51|0x00000000a3f00000, 0x00000000a3f00000, 0x00000000a4000000|  0%| F|  |TAMS 0x00000000a3f00000, 0x00000000a3f00000| Untracked 
|  52|0x00000000a4000000, 0x00000000a4000000, 0x00000000a4100000|  0%| F|  |TAMS 0x00000000a4000000, 0x00000000a4000000| Untracked 
|  53|0x00000000a4100000, 0x00000000a4100000, 0x00000000a4200000|  0%| F|  |TAMS 0x00000000a4100000, 0x00000000a4100000| Untracked 
|  54|0x00000000a4200000, 0x00000000a4200000, 0x00000000a4300000|  0%| F|  |TAMS 0x00000000a4200000, 0x00000000a4200000| Untracked 
|  55|0x00000000a4300000, 0x00000000a4300000, 0x00000000a4400000|  0%| F|  |TAMS 0x00000000a4300000, 0x00000000a4300000| Untracked 
|  56|0x00000000a4400000, 0x00000000a4400000, 0x00000000a4500000|  0%| F|  |TAMS 0x00000000a4400000, 0x00000000a4400000| Untracked 
|  57|0x00000000a4500000, 0x00000000a4500000, 0x00000000a4600000|  0%| F|  |TAMS 0x00000000a4500000, 0x00000000a4500000| Untracked 
|  58|0x00000000a4600000, 0x00000000a4600000, 0x00000000a4700000|  0%| F|  |TAMS 0x00000000a4600000, 0x00000000a4600000| Untracked 
|  59|0x00000000a4700000, 0x00000000a4700000, 0x00000000a4800000|  0%| F|  |TAMS 0x00000000a4700000, 0x00000000a4700000| Untracked 
|  60|0x00000000a4800000, 0x00000000a4800000, 0x00000000a4900000|  0%| F|  |TAMS 0x00000000a4800000, 0x00000000a4800000| Untracked 
|  61|0x00000000a4900000, 0x00000000a4900000, 0x00000000a4a00000|  0%| F|  |TAMS 0x00000000a4900000, 0x00000000a4900000| Untracked 
|  62|0x00000000a4a00000, 0x00000000a4a00000, 0x00000000a4b00000|  0%| F|  |TAMS 0x00000000a4a00000, 0x00000000a4a00000| Untracked 
|  63|0x00000000a4b00000, 0x00000000a4b00000, 0x00000000a4c00000|  0%| F|  |TAMS 0x00000000a4b00000, 0x00000000a4b00000| Untracked 
|  64|0x00000000a4c00000, 0x00000000a4c00000, 0x00000000a4d00000|  0%| F|  |TAMS 0x00000000a4c00000, 0x00000000a4c00000| Untracked 
|  65|0x00000000a4d00000, 0x00000000a4d00000, 0x00000000a4e00000|  0%| F|  |TAMS 0x00000000a4d00000, 0x00000000a4d00000| Untracked 
|  66|0x00000000a4e00000, 0x00000000a4e00000, 0x00000000a4f00000|  0%| F|  |TAMS 0x00000000a4e00000, 0x00000000a4e00000| Untracked 
|  67|0x00000000a4f00000, 0x00000000a4f00000, 0x00000000a5000000|  0%| F|  |TAMS 0x00000000a4f00000, 0x00000000a4f00000| Untracked 
|  68|0x00000000a5000000, 0x00000000a5000000, 0x00000000a5100000|  0%| F|  |TAMS 0x00000000a5000000, 0x00000000a5000000| Untracked 
|  69|0x00000000a5100000, 0x00000000a5100000, 0x00000000a5200000|  0%| F|  |TAMS 0x00000000a5100000, 0x00000000a5100000| Untracked 
|  70|0x00000000a5200000, 0x00000000a5200000, 0x00000000a5300000|  0%| F|  |TAMS 0x00000000a5200000, 0x00000000a5200000| Untracked 
|  71|0x00000000a5300000, 0x00000000a5300000, 0x00000000a5400000|  0%| F|  |TAMS 0x00000000a5300000, 0x00000000a5300000| Untracked 
|  72|0x00000000a5400000, 0x00000000a5400000, 0x00000000a5500000|  0%| F|  |TAMS 0x00000000a5400000, 0x00000000a5400000| Untracked 
|  73|0x00000000a5500000, 0x00000000a5500000, 0x00000000a5600000|  0%| F|  |TAMS 0x00000000a5500000, 0x00000000a5500000| Untracked 
|  74|0x00000000a5600000, 0x00000000a5600000, 0x00000000a5700000|  0%| F|  |TAMS 0x00000000a5600000, 0x00000000a5600000| Untracked 
|  75|0x00000000a5700000, 0x00000000a5700000, 0x00000000a5800000|  0%| F|  |TAMS 0x00000000a5700000, 0x00000000a5700000| Untracked 
|  76|0x00000000a5800000, 0x00000000a5800000, 0x00000000a5900000|  0%| F|  |TAMS 0x00000000a5800000, 0x00000000a5800000| Untracked 
|  77|0x00000000a5900000, 0x00000000a5900000, 0x00000000a5a00000|  0%| F|  |TAMS 0x00000000a5900000, 0x00000000a5900000| Untracked 
|  78|0x00000000a5a00000, 0x00000000a5a00000, 0x00000000a5b00000|  0%| F|  |TAMS 0x00000000a5a00000, 0x00000000a5a00000| Untracked 
|  79|0x00000000a5b00000, 0x00000000a5b00000, 0x00000000a5c00000|  0%| F|  |TAMS 0x00000000a5b00000, 0x00000000a5b00000| Untracked 
|  80|0x00000000a5c00000, 0x00000000a5c00000, 0x00000000a5d00000|  0%| F|  |TAMS 0x00000000a5c00000, 0x00000000a5c00000| Untracked 
|  81|0x00000000a5d00000, 0x00000000a5d00000, 0x00000000a5e00000|  0%| F|  |TAMS 0x00000000a5d00000, 0x00000000a5d00000| Untracked 
|  82|0x00000000a5e00000, 0x00000000a5e00000, 0x00000000a5f00000|  0%| F|  |TAMS 0x00000000a5e00000, 0x00000000a5e00000| Untracked 
|  83|0x00000000a5f00000, 0x00000000a5f00000, 0x00000000a6000000|  0%| F|  |TAMS 0x00000000a5f00000, 0x00000000a5f00000| Untracked 
|  84|0x00000000a6000000, 0x00000000a6000000, 0x00000000a6100000|  0%| F|  |TAMS 0x00000000a6000000, 0x00000000a6000000| Untracked 
|  85|0x00000000a6100000, 0x00000000a6100000, 0x00000000a6200000|  0%| F|  |TAMS 0x00000000a6100000, 0x00000000a6100000| Untracked 
|  86|0x00000000a6200000, 0x00000000a6200000, 0x00000000a6300000|  0%| F|  |TAMS 0x00000000a6200000, 0x00000000a6200000| Untracked 
|  87|0x00000000a6300000, 0x00000000a6300000, 0x00000000a6400000|  0%| F|  |TAMS 0x00000000a6300000, 0x00000000a6300000| Untracked 
|  88|0x00000000a6400000, 0x00000000a6400000, 0x00000000a6500000|  0%| F|  |TAMS 0x00000000a6400000, 0x00000000a6400000| Untracked 
|  89|0x00000000a6500000, 0x00000000a6500000, 0x00000000a6600000|  0%| F|  |TAMS 0x00000000a6500000, 0x00000000a6500000| Untracked 
|  90|0x00000000a6600000, 0x00000000a6600000, 0x00000000a6700000|  0%| F|  |TAMS 0x00000000a6600000, 0x00000000a6600000| Untracked 
|  91|0x00000000a6700000, 0x00000000a6700000, 0x00000000a6800000|  0%| F|  |TAMS 0x00000000a6700000, 0x00000000a6700000| Untracked 
|  92|0x00000000a6800000, 0x00000000a6800000, 0x00000000a6900000|  0%| F|  |TAMS 0x00000000a6800000, 0x00000000a6800000| Untracked 
|  93|0x00000000a6900000, 0x00000000a6900000, 0x00000000a6a00000|  0%| F|  |TAMS 0x00000000a6900000, 0x00000000a6900000| Untracked 
|  94|0x00000000a6a00000, 0x00000000a6a00000, 0x00000000a6b00000|  0%| F|  |TAMS 0x00000000a6a00000, 0x00000000a6a00000| Untracked 
|  95|0x00000000a6b00000, 0x00000000a6b00000, 0x00000000a6c00000|  0%| F|  |TAMS 0x00000000a6b00000, 0x00000000a6b00000| Untracked 
|  96|0x00000000a6c00000, 0x00000000a6c00000, 0x00000000a6d00000|  0%| F|  |TAMS 0x00000000a6c00000, 0x00000000a6c00000| Untracked 
|  97|0x00000000a6d00000, 0x00000000a6d00000, 0x00000000a6e00000|  0%| F|  |TAMS 0x00000000a6d00000, 0x00000000a6d00000| Untracked 
|  98|0x00000000a6e00000, 0x00000000a6e00000, 0x00000000a6f00000|  0%| F|  |TAMS 0x00000000a6e00000, 0x00000000a6e00000| Untracked 
|  99|0x00000000a6f00000, 0x00000000a6f00000, 0x00000000a7000000|  0%| F|  |TAMS 0x00000000a6f00000, 0x00000000a6f00000| Untracked 
| 100|0x00000000a7000000, 0x00000000a7000000, 0x00000000a7100000|  0%| F|  |TAMS 0x00000000a7000000, 0x00000000a7000000| Untracked 
| 101|0x00000000a7100000, 0x00000000a7100000, 0x00000000a7200000|  0%| F|  |TAMS 0x00000000a7100000, 0x00000000a7100000| Untracked 
| 102|0x00000000a7200000, 0x00000000a7200000, 0x00000000a7300000|  0%| F|  |TAMS 0x00000000a7200000, 0x00000000a7200000| Untracked 
| 103|0x00000000a7300000, 0x00000000a7300000, 0x00000000a7400000|  0%| F|  |TAMS 0x00000000a7300000, 0x00000000a7300000| Untracked 
| 104|0x00000000a7400000, 0x00000000a7400000, 0x00000000a7500000|  0%| F|  |TAMS 0x00000000a7400000, 0x00000000a7400000| Untracked 
| 105|0x00000000a7500000, 0x00000000a7500000, 0x00000000a7600000|  0%| F|  |TAMS 0x00000000a7500000, 0x00000000a7500000| Untracked 
| 106|0x00000000a7600000, 0x00000000a7600000, 0x00000000a7700000|  0%| F|  |TAMS 0x00000000a7600000, 0x00000000a7600000| Untracked 
| 107|0x00000000a7700000, 0x00000000a7700000, 0x00000000a7800000|  0%| F|  |TAMS 0x00000000a7700000, 0x00000000a7700000| Untracked 
| 108|0x00000000a7800000, 0x00000000a7800000, 0x00000000a7900000|  0%| F|  |TAMS 0x00000000a7800000, 0x00000000a7800000| Untracked 
| 109|0x00000000a7900000, 0x00000000a7900000, 0x00000000a7a00000|  0%| F|  |TAMS 0x00000000a7900000, 0x00000000a7900000| Untracked 
| 110|0x00000000a7a00000, 0x00000000a7a00000, 0x00000000a7b00000|  0%| F|  |TAMS 0x00000000a7a00000, 0x00000000a7a00000| Untracked 
| 111|0x00000000a7b00000, 0x00000000a7b00000, 0x00000000a7c00000|  0%| F|  |TAMS 0x00000000a7b00000, 0x00000000a7b00000| Untracked 
| 112|0x00000000a7c00000, 0x00000000a7c00000, 0x00000000a7d00000|  0%| F|  |TAMS 0x00000000a7c00000, 0x00000000a7c00000| Untracked 
| 113|0x00000000a7d00000, 0x00000000a7d00000, 0x00000000a7e00000|  0%| F|  |TAMS 0x00000000a7d00000, 0x00000000a7d00000| Untracked 
| 114|0x00000000a7e00000, 0x00000000a7e00000, 0x00000000a7f00000|  0%| F|  |TAMS 0x00000000a7e00000, 0x00000000a7e00000| Untracked 
| 115|0x00000000a7f00000, 0x00000000a7f00000, 0x00000000a8000000|  0%| F|  |TAMS 0x00000000a7f00000, 0x00000000a7f00000| Untracked 
| 116|0x00000000a8000000, 0x00000000a8000000, 0x00000000a8100000|  0%| F|  |TAMS 0x00000000a8000000, 0x00000000a8000000| Untracked 
| 117|0x00000000a8100000, 0x00000000a8100000, 0x00000000a8200000|  0%| F|  |TAMS 0x00000000a8100000, 0x00000000a8100000| Untracked 
| 118|0x00000000a8200000, 0x00000000a8200000, 0x00000000a8300000|  0%| F|  |TAMS 0x00000000a8200000, 0x00000000a8200000| Untracked 
| 119|0x00000000a8300000, 0x00000000a8300000, 0x00000000a8400000|  0%| F|  |TAMS 0x00000000a8300000, 0x00000000a8300000| Untracked 
| 120|0x00000000a8400000, 0x00000000a845c7d8, 0x00000000a8500000| 36%| S|CS|TAMS 0x00000000a8400000, 0x00000000a8400000| Complete 
| 121|0x00000000a8500000, 0x00000000a8500000, 0x00000000a8600000|  0%| F|  |TAMS 0x00000000a8500000, 0x00000000a8500000| Untracked 
| 122|0x00000000a8600000, 0x00000000a8600000, 0x00000000a8700000|  0%| F|  |TAMS 0x00000000a8600000, 0x00000000a8600000| Untracked 
| 234|0x00000000af600000, 0x00000000af600000, 0x00000000af700000|  0%| F|  |TAMS 0x00000000af600000, 0x00000000af600000| Untracked 
| 235|0x00000000af700000, 0x00000000af7b9520, 0x00000000af800000| 72%| E|  |TAMS 0x00000000af700000, 0x00000000af700000| Complete 
| 244|0x00000000b0000000, 0x00000000b0100000, 0x00000000b0100000|100%| E|CS|TAMS 0x00000000b0000000, 0x00000000b0000000| Complete 

Card table byte_map: [0x000000001a9c0000,0x000000001acc0000] _byte_map_base: 0x000000001a4ba000

Marking Bits (Prev, Next): (CMBitMap*) 0x0000000000485408, (CMBitMap*) 0x0000000000485448
 Prev Bits: [0x000000001afc0000, 0x000000001c790000)
 Next Bits: [0x000000001c790000, 0x000000001df60000)

Polling page: 0x0000000000340000

Metaspace:

Usage:
  Non-class:     21.83 MB capacity,    21.41 MB ( 98%) used,   385.80 KB (  2%) free+waste,    51.19 KB ( <1%) overhead. 
      Class:      2.93 MB capacity,     2.70 MB ( 92%) used,   218.88 KB (  7%) free+waste,    22.56 KB ( <1%) overhead. 
       Both:     24.77 MB capacity,    24.11 MB ( 97%) used,   604.69 KB (  2%) free+waste,    73.75 KB ( <1%) overhead. 

Virtual space:
  Non-class space:       22.00 MB reserved,      22.00 MB (>99%) committed 
      Class space:        1.00 GB reserved,       3.00 MB ( <1%) committed 
             Both:        1.02 GB reserved,      25.00 MB (  2%) committed 

Chunk freelists:
   Non-Class:  4.63 KB
       Class:  640 bytes
        Both:  5.25 KB

CodeHeap 'non-profiled nmethods': size=120000Kb used=3158Kb max_used=3158Kb free=116841Kb
 bounds [0x0000000012820000, 0x0000000012b40000, 0x0000000019d50000]
CodeHeap 'profiled nmethods': size=120000Kb used=12425Kb max_used=12425Kb free=107574Kb
 bounds [0x000000000b2f0000, 0x000000000bf20000, 0x0000000012820000]
CodeHeap 'non-nmethods': size=5760Kb used=1176Kb max_used=1212Kb free=4583Kb
 bounds [0x000000000ad50000, 0x000000000afc0000, 0x000000000b2f0000]
 total_blobs=7527 nmethods=5202 adapters=419
 compilation: enabled
              stopped_count=0, restarted_count=0
 full_count=0

Compilation events (10 events):
Event: 1023.264 Thread 0x000000001e20b000 nmethod 5621 0x000000000bf13d10 code [0x000000000bf13f20, 0x000000000bf14340]
Event: 1028.214 Thread 0x000000001e20b000 5622  s!   3       jdk.internal.loader.URLClassPath::getLoader (194 bytes)
Event: 1028.220 Thread 0x000000001e20b000 nmethod 5622 0x000000000bf14590 code [0x000000000bf149a0, 0x000000000bf16bb0]
Event: 1036.146 Thread 0x000000001e20b000 5623       3       java.net.URI$Parser::scan (41 bytes)
Event: 1036.153 Thread 0x000000001e20b000 nmethod 5623 0x000000000bf17a10 code [0x000000000bf17c80, 0x000000000bf18680]
Event: 1041.883 Thread 0x000000001e20a000 5624       4       java.util.StringTokenizer::hasMoreTokens (29 bytes)
Event: 1041.900 Thread 0x000000001e20a000 nmethod 5624 0x0000000012b34f90 code [0x0000000012b35160, 0x0000000012b354c8]
Event: 1050.353 Thread 0x000000001e20a000 5625       4       java.io.PrintStream::ensureOpen (18 bytes)
Event: 1050.354 Thread 0x000000001e20a000 nmethod 5625 0x0000000012b35810 code [0x0000000012b359a0, 0x0000000012b35a38]
Event: 1050.548 Thread 0x000000001e20a000 5626       4       java.io.PrintStream::print (9 bytes)

GC Heap History (10 events):
Event: 914.906 GC heap before
{Heap before GC invocations=40 (full 0):
 garbage-first heap   total 66560K, used 27125K [0x00000000a0c00000, 0x0000000100000000)
  region size 1024K, 3 young (3072K), 1 survivors (1024K)
 Metaspace       used 23360K, capacity 24021K, committed 24188K, reserved 1071104K
  class space    used 2631K, capacity 2866K, committed 2944K, reserved 1048576K
}
Event: 915.145 GC heap after
{Heap after GC invocations=41 (full 0):
 garbage-first heap   total 66560K, used 25482K [0x00000000a0c00000, 0x0000000100000000)
  region size 1024K, 1 young (1024K), 1 survivors (1024K)
 Metaspace       used 23360K, capacity 24021K, committed 24188K, reserved 1071104K
  class space    used 2631K, capacity 2866K, committed 2944K, reserved 1048576K
}
Event: 928.368 GC heap before
{Heap before GC invocations=41 (full 0):
 garbage-first heap   total 66560K, used 27530K [0x00000000a0c00000, 0x0000000100000000)
  region size 1024K, 3 young (3072K), 1 survivors (1024K)
 Metaspace       used 23531K, capacity 24126K, committed 24444K, reserved 1071104K
  class space    used 2641K, capacity 2878K, committed 2944K, reserved 1048576K
}
Event: 935.650 GC heap after
{Heap after GC invocations=42 (full 0):
 garbage-first heap   total 129024K, used 25740K [0x00000000a0c00000, 0x0000000100000000)
  region size 1024K, 1 young (1024K), 1 survivors (1024K)
 Metaspace       used 23531K, capacity 24126K, committed 24444K, reserved 1071104K
  class space    used 2641K, capacity 2878K, committed 2944K, reserved 1048576K
}
Event: 977.296 GC heap before
{Heap before GC invocations=42 (full 0):
 garbage-first heap   total 129024K, used 30860K [0x00000000a0c00000, 0x0000000100000000)
  region size 1024K, 6 young (6144K), 1 survivors (1024K)
 Metaspace       used 24375K, capacity 25011K, committed 25084K, reserved 1071104K
  class space    used 2745K, capacity 3001K, committed 3072K, reserved 1048576K
}
Event: 978.664 GC heap after
{Heap after GC invocations=43 (full 0):
 garbage-first heap   total 129024K, used 26362K [0x00000000a0c00000, 0x0000000100000000)
  region size 1024K, 1 young (1024K), 1 survivors (1024K)
 Metaspace       used 24375K, capacity 25011K, committed 25084K, reserved 1071104K
  class space    used 2745K, capacity 3001K, committed 3072K, reserved 1048576K
}
Event: 1013.061 GC heap before
{Heap before GC invocations=43 (full 0):
 garbage-first heap   total 129024K, used 31482K [0x00000000a0c00000, 0x0000000100000000)
  region size 1024K, 6 young (6144K), 1 survivors (1024K)
 Metaspace       used 24485K, capacity 25090K, committed 25340K, reserved 1071104K
  class space    used 2752K, capacity 3002K, committed 3072K, reserved 1048576K
}
Event: 1015.974 GC heap after
{Heap after GC invocations=44 (full 0):
 garbage-first heap   total 129024K, used 26459K [0x00000000a0c00000, 0x0000000100000000)
  region size 1024K, 1 young (1024K), 1 survivors (1024K)
 Metaspace       used 24485K, capacity 25090K, committed 25340K, reserved 1071104K
  class space    used 2752K, capacity 3002K, committed 3072K, reserved 1048576K
}
Event: 1019.949 GC heap before
{Heap before GC invocations=44 (full 0):
 garbage-first heap   total 129024K, used 32603K [0x00000000a0c00000, 0x0000000100000000)
  region size 1024K, 6 young (6144K), 1 survivors (1024K)
 Metaspace       used 24617K, capacity 25298K, committed 25596K, reserved 1071104K
  class space    used 2754K, capacity 3003K, committed 3072K, reserved 1048576K
}
Event: 1019.952 GC heap after
{Heap after GC invocations=45 (full 0):
 garbage-first heap   total 129024K, used 27705K [0x00000000a0c00000, 0x0000000100000000)
  region size 1024K, 1 young (1024K), 1 survivors (1024K)
 Metaspace       used 24617K, capacity 25298K, committed 25596K, reserved 1071104K
  class space    used 2754K, capacity 3003K, committed 3072K, reserved 1048576K
}

Deoptimization events (10 events):
Event: 967.431 Thread 0x000000000044d000 Uncommon trap: reason=class_check action=maybe_recompile pc=0x0000000012ad885c method=com.sun.tools.javac.code.Types.rank(Lcom/sun/tools/javac/code/Type;)I @ 123 c2
Event: 968.584 Thread 0x000000000044d000 Uncommon trap: reason=class_check action=maybe_recompile pc=0x0000000012ad87c0 method=com.sun.tools.javac.code.Types.rank(Lcom/sun/tools/javac/code/Type;)I @ 4 c2
Event: 968.647 Thread 0x000000000044d000 Uncommon trap: reason=class_check action=maybe_recompile pc=0x0000000012ad87c0 method=com.sun.tools.javac.code.Types.rank(Lcom/sun/tools/javac/code/Type;)I @ 4 c2
Event: 986.830 Thread 0x000000000044d000 Uncommon trap: reason=unstable_if action=reinterpret pc=0x000000001298a14c method=java.util.regex.Matcher.reset()Ljava/util/regex/Matcher; @ 71 c2
Event: 1018.331 Thread 0x000000000044d000 Uncommon trap: reason=unstable_if action=reinterpret pc=0x0000000012aa1cbc method=com.sun.tools.javac.jvm.ClassReader.readPool(I)Ljava/lang/Object; @ 36 c2
Event: 1018.371 Thread 0x000000000044d000 Uncommon trap: reason=class_check action=maybe_recompile pc=0x0000000012ae8c94 method=com.sun.tools.javac.comp.Resolve.findInheritedMemberType(Lcom/sun/tools/javac/comp/Env;Lcom/sun/tools/javac/code/Type;Lcom/sun/tools/javac/util/Name;Lcom/sun/tools/javac
Event: 1018.372 Thread 0x000000000044d000 Uncommon trap: reason=class_check action=maybe_recompile pc=0x0000000012ae8c94 method=com.sun.tools.javac.comp.Resolve.findInheritedMemberType(Lcom/sun/tools/javac/comp/Env;Lcom/sun/tools/javac/code/Type;Lcom/sun/tools/javac/util/Name;Lcom/sun/tools/javac
Event: 1018.375 Thread 0x000000000044d000 Uncommon trap: reason=class_check action=maybe_recompile pc=0x0000000012ad87c0 method=com.sun.tools.javac.code.Types.rank(Lcom/sun/tools/javac/code/Type;)I @ 4 c2
Event: 1019.886 Thread 0x000000000044d000 Uncommon trap: reason=bimorphic_or_optimized_type_check action=maybe_recompile pc=0x0000000012afabb4 method=com.sun.tools.javac.code.Types.capture(Lcom/sun/tools/javac/code/Type;)Lcom/sun/tools/javac/code/Type; @ 108 c2
Event: 1019.917 Thread 0x000000000044d000 Uncommon trap: reason=unstable_if action=reinterpret pc=0x0000000012af199c method=com.sun.tools.javac.code.Scope$ScopeImpl.dble()V @ 39 c2

Classes redefined (0 events):
No events

Internal exceptions (10 events):
Event: 935.680 Thread 0x000000000044d000 Exception <a 'sun/nio/fs/WindowsException'{0x00000000b00e20c0}> (0x00000000b00e20c0) thrown at [t:/workspace/open/src/hotspot/share/prims/jni.cpp, line 615]
Event: 935.680 Thread 0x000000000044d000 Exception <a 'sun/nio/fs/WindowsException'{0x00000000b00e3d00}> (0x00000000b00e3d00) thrown at [t:/workspace/open/src/hotspot/share/prims/jni.cpp, line 615]
Event: 935.681 Thread 0x000000000044d000 Exception <a 'sun/nio/fs/WindowsException'{0x00000000b00e4000}> (0x00000000b00e4000) thrown at [t:/workspace/open/src/hotspot/share/prims/jni.cpp, line 615]
Event: 935.681 Thread 0x000000000044d000 Exception <a 'sun/nio/fs/WindowsException'{0x00000000b00e5be8}> (0x00000000b00e5be8) thrown at [t:/workspace/open/src/hotspot/share/prims/jni.cpp, line 615]
Event: 935.681 Thread 0x000000000044d000 Exception <a 'sun/nio/fs/WindowsException'{0x00000000b00e5f38}> (0x00000000b00e5f38) thrown at [t:/workspace/open/src/hotspot/share/prims/jni.cpp, line 615]
Event: 953.414 Thread 0x000000000044d000 Exception <a 'java/lang/NoSuchMethodError'{0x00000000af6791f0}: java.lang.invoke.DirectMethodHandle$Holder.invokeSpecial(Ljava/lang/Object;Ljava/lang/Object;Ljava/lang/Object;Ljava/lang/Object;)I> (0x00000000af6791f0) thrown at [t:/workspace/open/src/hots
Event: 968.667 Thread 0x000000000044d000 Exception <a 'java/lang/NoSuchMethodError'{0x00000000a862cf08}: java.lang.invoke.DirectMethodHandle$Holder.invokeVirtual(Ljava/lang/Object;Ljava/lang/Object;Ljava/lang/Object;Ljava/lang/Object;)I> (0x00000000a862cf08) thrown at [t:/workspace/open/src/hots
Event: 968.670 Thread 0x000000000044d000 Exception <a 'java/lang/NoSuchMethodError'{0x00000000a8637790}: java.lang.invoke.DirectMethodHandle$Holder.invokeStatic(Ljava/lang/Object;Ljava/lang/Object;ILjava/lang/Object;)Ljava/lang/Object;> (0x00000000a8637790) thrown at [t:/workspace/open/src/hotsp
Event: 968.672 Thread 0x000000000044d000 Exception <a 'java/lang/NoSuchMethodError'{0x00000000a863dcf8}: java.lang.invoke.Invokers$Holder.linkToTargetMethod(Ljava/lang/Object;ILjava/lang/Object;Ljava/lang/Object;)Ljava/lang/Object;> (0x00000000a863dcf8) thrown at [t:/workspace/open/src/hotspot/s
Event: 968.674 Thread 0x000000000044d000 Exception <a 'java/lang/NoSuchMethodError'{0x00000000a86432b0}: java.lang.invoke.DirectMethodHandle$Holder.invokeVirtual(Ljava/lang/Object;Ljava/lang/Object;Ljava/lang/Object;)Ljava/lang/Object;> (0x00000000a86432b0) thrown at [t:/workspace/open/src/hotsp

Events (10 events):
Event: 1028.214 loading class org/codehaus/plexus/compiler/CompilerMessage$Kind done
Event: 1028.214 loading class org/codehaus/plexus/compiler/CompilerMessage$Kind
Event: 1028.214 loading class org/codehaus/plexus/compiler/CompilerMessage$Kind done
Event: 1028.214 Thread 0x0000000023fff800 Thread exited: 0x0000000023fff800
Event: 1031.113 loading class java/text/MessageFormat$Field
Event: 1031.113 loading class java/text/MessageFormat$Field done
Event: 1031.302 loading class javax/tools/JavaFileObject
Event: 1031.302 loading class javax/tools/JavaFileObject done
Event: 1031.302 loading class javax/tools/JavaFileObject
Event: 1031.302 loading class javax/tools/JavaFileObject done


Dynamic libraries:
0x000000013f8c0000 - 0x000000013f8cf000 	C:\Program Files\Java\jdk-12.0.2\bin\java.exe
0x00000000773b0000 - 0x0000000077559000 	C:\Windows\SYSTEM32\ntdll.dll
0x0000000077190000 - 0x00000000772af000 	C:\Windows\system32\kernel32.dll
0x000007fefd180000 - 0x000007fefd1eb000 	C:\Windows\system32\KERNELBASE.dll
0x000007fef8620000 - 0x000007fef8638000 	C:\Program Files\Java\jdk-12.0.2\bin\jli.dll
0x000007fefd640000 - 0x000007fefd71b000 	C:\Windows\system32\ADVAPI32.dll
0x000007fefe250000 - 0x000007fefe2ef000 	C:\Windows\system32\msvcrt.dll
0x000007fefe2f0000 - 0x000007fefe30f000 	C:\Windows\SYSTEM32\sechost.dll
0x000007fefe080000 - 0x000007fefe1ad000 	C:\Windows\system32\RPCRT4.dll
0x000007fefb930000 - 0x000007fefbb24000 	C:\Windows\WinSxS\amd64_microsoft.windows.common-controls_6595b64144ccf1df_6.0.7601.17514_none_fa396087175ac9ac\COMCTL32.dll
0x000007fefe310000 - 0x000007fefe377000 	C:\Windows\system32\GDI32.dll
0x00000000772b0000 - 0x00000000773aa000 	C:\Windows\system32\USER32.dll
0x000007fefde60000 - 0x000007fefde6e000 	C:\Windows\system32\LPK.dll
0x000007feff110000 - 0x000007feff1d9000 	C:\Windows\system32\USP10.dll
0x000007fefd520000 - 0x000007fefd591000 	C:\Windows\system32\SHLWAPI.dll
0x000007fefc250000 - 0x000007fefc25c000 	C:\Windows\system32\VERSION.dll
0x000007fef95d0000 - 0x000007fef95e6000 	C:\Program Files\Java\jdk-12.0.2\bin\VCRUNTIME140.dll
0x000007fef9dd0000 - 0x000007fef9dd4000 	C:\Program Files\Java\jdk-12.0.2\bin\api-ms-win-crt-runtime-l1-1-0.dll
0x000007fef7b60000 - 0x000007fef7c56000 	C:\Program Files\Java\jdk-12.0.2\bin\ucrtbase.DLL
0x000007fefb790000 - 0x000007fefb793000 	C:\Program Files\Java\jdk-12.0.2\bin\api-ms-win-core-localization-l1-2-0.dll
0x000007fef8740000 - 0x000007fef8743000 	C:\Program Files\Java\jdk-12.0.2\bin\api-ms-win-core-processthreads-l1-1-1.dll
0x000007fef8650000 - 0x000007fef8653000 	C:\Program Files\Java\jdk-12.0.2\bin\api-ms-win-core-file-l1-2-0.dll
0x000007fef8640000 - 0x000007fef8643000 	C:\Program Files\Java\jdk-12.0.2\bin\api-ms-win-core-timezone-l1-1-0.dll
0x000007fef8580000 - 0x000007fef8583000 	C:\Program Files\Java\jdk-12.0.2\bin\api-ms-win-core-file-l2-1-0.dll
0x000007fef8610000 - 0x000007fef8613000 	C:\Program Files\Java\jdk-12.0.2\bin\api-ms-win-core-synch-l1-2-0.dll
0x000007fef9dc0000 - 0x000007fef9dc4000 	C:\Program Files\Java\jdk-12.0.2\bin\api-ms-win-crt-string-l1-1-0.dll
0x000007fef5410000 - 0x000007fef5413000 	C:\Program Files\Java\jdk-12.0.2\bin\api-ms-win-crt-heap-l1-1-0.dll
0x000007fef95c0000 - 0x000007fef95c4000 	C:\Program Files\Java\jdk-12.0.2\bin\api-ms-win-crt-stdio-l1-1-0.dll
0x000007fef53f0000 - 0x000007fef53f4000 	C:\Program Files\Java\jdk-12.0.2\bin\api-ms-win-crt-convert-l1-1-0.dll
0x000007fef5400000 - 0x000007fef5403000 	C:\Program Files\Java\jdk-12.0.2\bin\api-ms-win-crt-environment-l1-1-0.dll
0x000007fef53b0000 - 0x000007fef53b3000 	C:\Program Files\Java\jdk-12.0.2\bin\api-ms-win-crt-filesystem-l1-1-0.dll
0x000007fef53e0000 - 0x000007fef53e5000 	C:\Program Files\Java\jdk-12.0.2\bin\api-ms-win-crt-math-l1-1-0.dll
0x000007fef1400000 - 0x000007fef1403000 	C:\Program Files\Java\jdk-12.0.2\bin\api-ms-win-crt-locale-l1-1-0.dll
0x000007fefde70000 - 0x000007fefde9e000 	C:\Windows\system32\IMM32.DLL
0x000007fefdea0000 - 0x000007fefdfa9000 	C:\Windows\system32\MSCTF.dll
0x000007fef1410000 - 0x000007fef14ba000 	C:\Program Files\Java\jdk-12.0.2\bin\msvcp140.dll
0x000007fef13f0000 - 0x000007fef13f5000 	C:\Program Files\Java\jdk-12.0.2\bin\api-ms-win-crt-multibyte-l1-1-0.dll
0x000007fef53c0000 - 0x000007fef53c3000 	C:\Program Files\Java\jdk-12.0.2\bin\api-ms-win-crt-time-l1-1-0.dll
0x000007fef53d0000 - 0x000007fef53d3000 	C:\Program Files\Java\jdk-12.0.2\bin\api-ms-win-crt-utility-l1-1-0.dll
0x000007fef1660000 - 0x000007fef21d7000 	C:\Program Files\Java\jdk-12.0.2\bin\server\jvm.dll
0x000007fef4ec0000 - 0x000007fef4ec9000 	C:\Windows\system32\WSOCK32.dll
0x000007fefe010000 - 0x000007fefe05d000 	C:\Windows\system32\WS2_32.dll
0x000007feff1e0000 - 0x000007feff1e8000 	C:\Windows\system32\NSI.dll
0x000007fefab70000 - 0x000007fefabab000 	C:\Windows\system32\WINMM.dll
0x0000000077570000 - 0x0000000077577000 	C:\Windows\system32\PSAPI.DLL
0x000007fef5140000 - 0x000007fef5151000 	C:\Program Files\Java\jdk-12.0.2\bin\verify.dll
0x000007fef6e10000 - 0x000007fef6f35000 	C:\Windows\system32\DBGHELP.DLL
0x000007fef5160000 - 0x000007fef5186000 	C:\Program Files\Java\jdk-12.0.2\bin\java.dll
0x000007fef5120000 - 0x000007fef5137000 	C:\Program Files\Java\jdk-12.0.2\bin\zip.dll
0x000007fef5110000 - 0x000007fef511a000 	C:\Program Files\Java\jdk-12.0.2\bin\jimage.dll
0x000007fefe380000 - 0x000007feff108000 	C:\Windows\system32\SHELL32.dll
0x000007fefd720000 - 0x000007fefd923000 	C:\Windows\system32\ole32.dll
0x000007fefd170000 - 0x000007fefd17f000 	C:\Windows\system32\profapi.dll
0x000007fef50f0000 - 0x000007fef5109000 	C:\Program Files\Java\jdk-12.0.2\bin\net.dll
0x000007fef4b30000 - 0x000007fef4ba1000 	C:\Windows\system32\WINHTTP.dll
0x000007fef4ac0000 - 0x000007fef4b24000 	C:\Windows\system32\webio.dll
0x000007feff450000 - 0x000007feff5d5000 	C:\Windows\system32\urlmon.dll
0x000007fefd3f0000 - 0x000007fefd3f4000 	C:\Windows\system32\api-ms-win-downlevel-ole32-l1-1-0.dll
0x000007fefd510000 - 0x000007fefd514000 	C:\Windows\system32\api-ms-win-downlevel-shlwapi-l1-1-0.dll
0x000007fefd370000 - 0x000007fefd375000 	C:\Windows\system32\api-ms-win-downlevel-advapi32-l1-1-0.dll
0x000007fefd400000 - 0x000007fefd404000 	C:\Windows\system32\api-ms-win-downlevel-user32-l1-1-0.dll
0x000007fefd360000 - 0x000007fefd364000 	C:\Windows\system32\api-ms-win-downlevel-version-l1-1-0.dll
0x000007fefd380000 - 0x000007fefd383000 	C:\Windows\system32\api-ms-win-downlevel-normaliz-l1-1-0.dll
0x0000000077580000 - 0x0000000077583000 	C:\Windows\system32\normaliz.DLL
0x000007fefd930000 - 0x000007fefdbf7000 	C:\Windows\system32\iertutil.dll
0x000007feff1f0000 - 0x000007feff44a000 	C:\Windows\system32\WININET.dll
0x000007fefd4f0000 - 0x000007fefd50e000 	C:\Windows\system32\USERENV.dll
0x000007fefc900000 - 0x000007fefc955000 	C:\Windows\system32\mswsock.dll
0x000007fefc8f0000 - 0x000007fefc8f7000 	C:\Windows\System32\wship6.dll
0x000007fef50d0000 - 0x000007fef50e3000 	C:\Program Files\Java\jdk-12.0.2\bin\nio.dll
0x000007fef8570000 - 0x000007fef857a000 	C:\Program Files\NetBeans-12.5\netbeans\java\maven\lib\jansi-native\windows64\jansi.dll

dbghelp: loaded successfully - version: 4.0.5 - missing functions: none
symbol engine: initialized successfully - sym options: 0x614 - pdb path: .;C:\Program Files\Java\jdk-12.0.2\bin;C:\Windows\SYSTEM32;C:\Windows\WinSxS\amd64_microsoft.windows.common-controls_6595b64144ccf1df_6.0.7601.17514_none_fa396087175ac9ac;C:\Program Files\Java\jdk-12.0.2\bin\server;C:\Program Files\NetBeans-12.5\netbeans\java\maven\lib\jansi-native\windows64

VM Arguments:
jvm_args: -Dclassworlds.conf=C:\Program Files\NetBeans-12.5\netbeans\java\maven\bin\..\bin\m2.conf -Dmaven.home=C:\Program Files\NetBeans-12.5\netbeans\java\maven\bin\.. -Dlibrary.jansi.path=C:\Program Files\NetBeans-12.5\netbeans\java\maven\bin\..\lib\jansi-native -Dmaven.multiModuleProjectDirectory=C:\Users\Cliente\Documents\NetBeansProjects\SistemaOrdens 
java_command: org.codehaus.plexus.classworlds.launcher.Launcher -Dmaven.ext.class.path=C:\Program Files\NetBeans-12.5\netbeans\java\maven-nblib\netbeans-eventspy.jar -Dfile.encoding=UTF-8 install
java_class_path (initial): C:\Program Files\NetBeans-12.5\netbeans\java\maven\bin\..\boot\plexus-classworlds-2.6.0.jar
Launcher Type: SUN_STANDARD

[Global flags]
     intx CICompilerCount                          = 4                                         {product} {ergonomic}
     uint ConcGCThreads                            = 2                                         {product} {ergonomic}
     uint G1ConcRefinementThreads                  = 8                                         {product} {ergonomic}
   size_t G1HeapRegionSize                         = 1048576                                   {product} {ergonomic}
    uintx GCDrainStackTargetSize                   = 64                                        {product} {ergonomic}
   size_t InitialHeapSize                          = 100663296                                 {product} {ergonomic}
   size_t MarkStackSize                            = 4194304                                   {product} {ergonomic}
   size_t MaxHeapSize                              = 1598029824                                {product} {ergonomic}
   size_t MaxNewSize                               = 958398464                                 {product} {ergonomic}
   size_t MinHeapDeltaBytes                        = 1048576                                   {product} {ergonomic}
    uintx NonNMethodCodeHeapSize                   = 5836300                                {pd product} {ergonomic}
    uintx NonProfiledCodeHeapSize                  = 122910970                              {pd product} {ergonomic}
    uintx ProfiledCodeHeapSize                     = 122910970                              {pd product} {ergonomic}
    uintx ReservedCodeCacheSize                    = 251658240                              {pd product} {ergonomic}
     bool SegmentedCodeCache                       = true                                      {product} {ergonomic}
     bool UseCompressedClassPointers               = true                                 {lp64_product} {ergonomic}
     bool UseCompressedOops                        = true                                 {lp64_product} {ergonomic}
     bool UseG1GC                                  = true                                      {product} {ergonomic}
     bool UseLargePagesIndividualAllocation        = false                                  {pd product} {ergonomic}

Logging:
Log output configuration:
 #0: stdout all=warning uptime,level,tags
 #1: stderr all=off uptime,level,tags

Environment Variables:
JAVA_HOME=C:\Program Files\Java\jdk-12.0.2
PATH=C:\flutter\bin;C:\Windows\system32;C:\Windows;C:\Windows\system32\wbem;C:\Program Files (x86)\Common Files\Oracle\Java\javapath;C:\ProgramData\Oracle\Java\javapath;C:\Windows\System32\WindowsPowerShell\v1.0;C:\Program Files (x86)\Intel\OpenCL SDK\2.0\bin\x86;C:\Program Files (x86)\Intel\OpenCL SDK\2.0\bin\x64;C:\Program Files (x86)\Skype\Phone;C:\Program Files\dotnet;C:\Program Files\Microsoft SQL Server\130\Tools\Binn;C:\Program Files\Microsoft SQL Server\Client SDK\ODBC\170\Tools\Binn;C:\xampp\php;C:\Program Files\Git\cmd;C:\Program Files\Git LFS;C:\Program Files\nodejs;C:\Users\Cliente\AppData\Local\Android\Sdk\platform-tools;C:\Users\Cliente\AppData\Local\Programs\Microsoft VS Code\bin;C:\Users\Cliente\AppData\Roaming\Composer\vendor\bin;C:\AWRoot\bin\common;C:\AWRoot\bin\lib;C:\APP\ddc\bin;C:\Users\Cliente\AppData\Local\Programs\Microsoft VS Code\bin;C:\Users\Cliente\AppData\Roaming\Composer\vendor\bin;C:\src\flutter\bin
USERNAME=Cliente
OS=Windows_NT
PROCESSOR_IDENTIFIER=Intel64 Family 6 Model 42 Stepping 7, GenuineIntel



---------------  S Y S T E M  ---------------

OS: Windows 7 , 64 bit Build 7601 (6.1.7601.18015)

CPU:total 8 (initial active 8) (4 cores per cpu, 2 threads per core) family 6 model 42 stepping 7, cmov, cx8, fxsr, mmx, sse, sse2, sse3, ssse3, sse4.1, sse4.2, popcnt, avx, aes, clmul, ht, tsc, tscinvbit

Memory: 4k page, system-wide physical 6091M (884M free)
TotalPageFile size 24365M (AvailPageFile size 4M)
current process WorkingSet (physical memory assigned to process): 106M, peak: 142M
current process commit charge ("private bytes"): 268M, peak: 400M

vm_info: Java HotSpot(TM) 64-Bit Server VM (12.0.2+10) for windows-amd64 JRE (12.0.2+10), built on Jul 16 2019 01:56:17 by "mach5one" with MS VC++ 15.5 (VS2017)

END.
